Started by user [8mha:////4MiU8VJN9gVaUODU6IF80AxuYblFwoYVU32YJ0Yw1jaxAAAAlx+LCAAAAAAAAP9b85aBtbiIQTGjNKU4P08vOT+vOD8nVc83PyU1x6OyILUoJzMv2y+/JJUBAhiZGBgqihhk0NSjKDWzXb3RdlLBUSYGJk8GtpzUvPSSDB8G5tKinBIGIZ+sxLJE/ZzEvHT94JKizLx0a6BxUmjGOUNodHsLgAzWEgZu/dLi1CL9gsS8lEQACjKVYMAAAAA=[0mpanda
Running as SYSTEM
Building remotely on [8mha:////4CG9tOcHujSo+styiKdHK0bdYQiba3Yk22shDV76cxRDAAAAoh+LCAAAAAAAAP9b85aBtbiIQTGjNKU4P08vOT+vOD8nVc83PyU1x6OyILUoJzMv2y+/JJUBAhiZGBgqihhk0NSjKDWzXb3RdlLBUSYGJk8GtpzUvPSSDB8G5tKinBIGIZ+sxLJE/ZzEvHT94JKizLx0a6BxUmjGOUNodHsLgAyeEgYx/eT83ILSktQi/ZT85OzUIt3inMSyVAD7k7MKywAAAA==[0mdocker-slave (slave) in workspace /home/jenkins/workspace/CodePull
The recommended git tool is: NONE
No credentials specified
 > git rev-parse --resolve-git-dir /home/jenkins/workspace/CodePull/.git # timeout=10
Fetching changes from the remote Git repository
 > git config remote.origin.url https://github.com/cube81/panda_application.git # timeout=10
Fetching upstream changes from https://github.com/cube81/panda_application.git
 > git --version # timeout=10
 > git --version # 'git version 2.17.1'
 > git fetch --tags --progress -- https://github.com/cube81/panda_application.git +refs/heads/*:refs/remotes/origin/* # timeout=10
 > git rev-parse refs/remotes/origin/final^{commit} # timeout=10
Checking out Revision 720729d782f5afd8a3f47558ef2f503a4e171cdb (refs/remotes/origin/final)
 > git config core.sparsecheckout # timeout=10
 > git checkout -f 720729d782f5afd8a3f47558ef2f503a4e171cdb # timeout=10
Commit message: "z j"
First time build. Skipping changelog.
[CodePull] $ /bin/sh -xe /tmp/jenkins9369056169754086992.sh
+ cat pom.xml

<?xml version="1.0" encoding="UTF-8"?>
<project xmlns="http://maven.apache.org/POM/4.0.0" 
  xmlns:xsi="http://www.w3.org/2001/XMLSchema-instance" xsi:schemaLocation="http://maven.apache.org/POM/4.0.0 https://maven.apache.org/xsd/maven-4.0.0.xsd">
  <modelVersion>4.0.0</modelVersion>
  <parent>
    <groupId>org.springframework.boot</groupId>
    <artifactId>spring-boot-starter-parent</artifactId>
    <version>2.2.4.RELEASE</version>
    <relativePath/>
    <!-- lookup parent from repository -->
  </parent>
  <groupId>pl.pandait</groupId>
  <artifactId>panda</artifactId>
  <version>0.0.2-SNAPSHOT</version>
  <name>panda</name>
  <description>Demo project for Spring Boot</description>

  <properties>
    <java.version>11</java.version>
  </properties>

  <dependencies>
    <dependency>
      <groupId>org.springframework.boot</groupId>
      <artifactId>spring-boot-starter-thymeleaf</artifactId>
    </dependency>
    <dependency>
      <groupId>org.springframework.boot</groupId>
      <artifactId>spring-boot-starter-web</artifactId>
    </dependency>

    <dependency>
      <groupId>junit</groupId>
      <artifactId>junit</artifactId>
      <version>4.12</version>
      <scope>test</scope>
    </dependency>

    <dependency>
      <groupId>org.springframework.boot</groupId>
      <artifactId>spring-boot-starter-test</artifactId>
      <scope>test</scope>
      <exclusions>
        <exclusion>
          <groupId>org.junit.vintage</groupId>
          <artifactId>junit-vintage-engine</artifactId>
        </exclusion>
      </exclusions>
    </dependency>

    <dependency>
      <groupId>org.seleniumhq.selenium</groupId>
      <artifactId>selenium-java</artifactId>
      <version>3.141.59</version>
    </dependency>
  </dependencies>

  <build>
    <plugins>
      <plugin>
        <groupId>org.springframework.boot</groupId>
        <artifactId>spring-boot-maven-plugin</artifactId>
      </plugin>
      <plugin>
        <groupId>org.apache.maven.plugins</groupId>
        <artifactId>maven-surefire-plugin</artifactId>
        <version>2.19.1</version>
        <configuration>
          <includes>
            <include>HelloControllerTest.java</include>
            <include>PandaApplicationTest.java</include>
          </includes>
        </configuration>
        <dependencies>
          <!-- let surefire run JUnit 4 but also JUnit 5 tests -->
          <dependency>
            <groupId>org.junit.platform</groupId>
            <artifactId>junit-platform-surefire-provider</artifactId>
            <version>1.1.0</version>
          </dependency>
        </dependencies>
      </plugin>
    </plugins>
  </build>

  <profiles>
    <profile>
      <id>docker</id>
      <build>
        <plugins>
          <plugin>
            <groupId>com.spotify</groupId>
            <artifactId>dockerfile-maven-plugin</artifactId>
            <version>1.4.0</version>
            <executions>
              <execution>
                <id>default</id>
                <goals>
                  <goal>build</goal>
                  <goal>push</goal>
                </goals>
              </execution>
            </executions>
            <configuration>
              <repository>${project.artifactId}</repository>
              <tag>${project.version}</tag>
              <buildArgs>
                <JAR_FILE>target/${project.artifactId}-${project.version}.jar</JAR_FILE>
              </buildArgs>
            </configuration>
            <dependencies>
              <dependency>
                <groupId>javax.activation</groupId>
                <artifactId>activation</artifactId>
                <version>1.1.1</version>
              </dependency>
            </dependencies>
          </plugin>
        </plugins>
      </build>
    </profile>

    <profile>
      <id>selenium</id>
      <build>
        <plugins>
          <plugin>
            <groupId>org.apache.maven.plugins</groupId>
            <artifactId>maven-surefire-plugin</artifactId>
            <version>2.19.1</version>
            <configuration>
              <includes>
                <include>**.*SeleniumTest.java</include>
              </includes>
            </configuration>
          </plugin>
        </plugins>
      </build>
    </profile>
  </profiles>

        <distributionManagement>
                <repository>
                        <id>artifactory</id>
                        <name>release</name>
                        <url>http://192.168.44.44:8081/artifactory/libs-release-local</url>
                </repository>
                <snapshotRepository>
                        <id>artifactory</id>
                        <name>snapshots</name>
                        <url>http://192.168.44.44:8081/artifactory/libs-snapshot-local</url>
                </snapshotRepository>
        </distributionManagement>
        
</project>
[CodePull] $ /home/jenkins/tools/hudson.tasks.Maven_MavenInstallation/auto_maven/bin/mvn install
[INFO] Scanning for projects...
[INFO] 
[INFO] --------------------------< pl.pandait:panda >--------------------------
[INFO] Building panda 0.0.2-SNAPSHOT
[INFO] --------------------------------[ jar ]---------------------------------
Downloading from central: https://repo.maven.apache.org/maven2/org/apache/maven/plugins/maven-surefire-plugin/2.19.1/maven-surefire-plugin-2.19.1.pom
Progress (1): 2.7/5.6 kBProgress (1): 5.5/5.6 kBProgress (1): 5.6 kB                        Downloaded from central: https://repo.maven.apache.org/maven2/org/apache/maven/plugins/maven-surefire-plugin/2.19.1/maven-surefire-plugin-2.19.1.pom (5.6 kB at 1.8 kB/s)
Downloading from central: https://repo.maven.apache.org/maven2/org/apache/maven/surefire/surefire/2.19.1/surefire-2.19.1.pom
Progress (1): 2.7/18 kBProgress (1): 5.5/18 kBProgress (1): 8.2/18 kBProgress (1): 11/18 kB Progress (1): 14/18 kBProgress (1): 16/18 kBProgress (1): 18 kB                      Downloaded from central: https://repo.maven.apache.org/maven2/org/apache/maven/surefire/surefire/2.19.1/surefire-2.19.1.pom (18 kB at 77 kB/s)
Downloading from central: https://repo.maven.apache.org/maven2/org/apache/maven/plugins/maven-surefire-plugin/2.19.1/maven-surefire-plugin-2.19.1.jar
Progress (1): 2.7/38 kBProgress (1): 5.5/38 kBProgress (1): 8.2/38 kBProgress (1): 11/38 kB Progress (1): 14/38 kBProgress (1): 16/38 kBProgress (1): 19/38 kBProgress (1): 22/38 kBProgress (1): 25/38 kBProgress (1): 27/38 kBProgress (1): 30/38 kBProgress (1): 33/38 kBProgress (1): 36/38 kBProgress (1): 38/38 kBProgress (1): 38 kB                      Downloaded from central: https://repo.maven.apache.org/maven2/org/apache/maven/plugins/maven-surefire-plugin/2.19.1/maven-surefire-plugin-2.19.1.jar (38 kB at 120 kB/s)
Downloading from central: https://repo.maven.apache.org/maven2/org/hamcrest/hamcrest-core/2.1/hamcrest-core-2.1.pom
Progress (1): 1.4 kB                    Downloaded from central: https://repo.maven.apache.org/maven2/org/hamcrest/hamcrest-core/2.1/hamcrest-core-2.1.pom (1.4 kB at 9.5 kB/s)
Downloading from central: https://repo.maven.apache.org/maven2/org/seleniumhq/selenium/selenium-java/3.141.59/selenium-java-3.141.59.pom
Progress (1): 4.1/5.4 kBProgress (1): 5.4 kB                        Downloaded from central: https://repo.maven.apache.org/maven2/org/seleniumhq/selenium/selenium-java/3.141.59/selenium-java-3.141.59.pom (5.4 kB at 41 kB/s)
Downloading from central: https://repo.maven.apache.org/maven2/org/seleniumhq/selenium/selenium-api/3.141.59/selenium-api-3.141.59.pom
Progress (1): 2.6 kB                    Downloaded from central: https://repo.maven.apache.org/maven2/org/seleniumhq/selenium/selenium-api/3.141.59/selenium-api-3.141.59.pom (2.6 kB at 24 kB/s)
Downloading from central: https://repo.maven.apache.org/maven2/org/seleniumhq/selenium/selenium-chrome-driver/3.141.59/selenium-chrome-driver-3.141.59.pom
Progress (1): 4.0 kB                    Downloaded from central: https://repo.maven.apache.org/maven2/org/seleniumhq/selenium/selenium-chrome-driver/3.141.59/selenium-chrome-driver-3.141.59.pom (4.0 kB at 31 kB/s)
Downloading from central: https://repo.maven.apache.org/maven2/org/seleniumhq/selenium/selenium-remote-driver/3.141.59/selenium-remote-driver-3.141.59.pom
Progress (1): 3.8 kB                    Downloaded from central: https://repo.maven.apache.org/maven2/org/seleniumhq/selenium/selenium-remote-driver/3.141.59/selenium-remote-driver-3.141.59.pom (3.8 kB at 32 kB/s)
Downloading from central: https://repo.maven.apache.org/maven2/org/apache/commons/commons-exec/1.3/commons-exec-1.3.pom
Progress (1): 4.1/11 kBProgress (1): 8.2/11 kBProgress (1): 11 kB                       Downloaded from central: https://repo.maven.apache.org/maven2/org/apache/commons/commons-exec/1.3/commons-exec-1.3.pom (11 kB at 70 kB/s)
Downloading from central: https://repo.maven.apache.org/maven2/org/apache/commons/commons-parent/35/commons-parent-35.pom
Progress (1): 4.1/58 kBProgress (1): 8.2/58 kBProgress (1): 12/58 kB Progress (1): 16/58 kBProgress (1): 20/58 kBProgress (1): 25/58 kBProgress (1): 29/58 kBProgress (1): 33/58 kBProgress (1): 37/58 kBProgress (1): 41/58 kBProgress (1): 45/58 kBProgress (1): 49/58 kBProgress (1): 53/58 kBProgress (1): 57/58 kBProgress (1): 58 kB                      Downloaded from central: https://repo.maven.apache.org/maven2/org/apache/commons/commons-parent/35/commons-parent-35.pom (58 kB at 122 kB/s)
Downloading from central: https://repo.maven.apache.org/maven2/com/google/guava/guava/25.0-jre/guava-25.0-jre.pom
Progress (1): 4.1/7.8 kBProgress (1): 7.8 kB                        Downloaded from central: https://repo.maven.apache.org/maven2/com/google/guava/guava/25.0-jre/guava-25.0-jre.pom (7.8 kB at 76 kB/s)
Downloading from central: https://repo.maven.apache.org/maven2/com/google/guava/guava-parent/25.0-jre/guava-parent-25.0-jre.pom
Progress (1): 4.1/10 kBProgress (1): 8.2/10 kBProgress (1): 10 kB                       Downloaded from central: https://repo.maven.apache.org/maven2/com/google/guava/guava-parent/25.0-jre/guava-parent-25.0-jre.pom (10 kB at 58 kB/s)
Downloading from central: https://repo.maven.apache.org/maven2/com/google/code/findbugs/jsr305/1.3.9/jsr305-1.3.9.pom
Progress (1): 965 B                   Downloaded from central: https://repo.maven.apache.org/maven2/com/google/code/findbugs/jsr305/1.3.9/jsr305-1.3.9.pom (965 B at 1.6 kB/s)
Downloading from central: https://repo.maven.apache.org/maven2/org/checkerframework/checker-compat-qual/2.0.0/checker-compat-qual-2.0.0.pom
Progress (1): 4.1/4.2 kBProgress (1): 4.2 kB                        Downloaded from central: https://repo.maven.apache.org/maven2/org/checkerframework/checker-compat-qual/2.0.0/checker-compat-qual-2.0.0.pom (4.2 kB at 25 kB/s)
Downloading from central: https://repo.maven.apache.org/maven2/com/google/errorprone/error_prone_annotations/2.1.3/error_prone_annotations-2.1.3.pom
Progress (1): 1.8 kB                    Downloaded from central: https://repo.maven.apache.org/maven2/com/google/errorprone/error_prone_annotations/2.1.3/error_prone_annotations-2.1.3.pom (1.8 kB at 9.6 kB/s)
Downloading from central: https://repo.maven.apache.org/maven2/com/google/errorprone/error_prone_parent/2.1.3/error_prone_parent-2.1.3.pom
Progress (1): 4.1/5.1 kBProgress (1): 5.1 kB                        Downloaded from central: https://repo.maven.apache.org/maven2/com/google/errorprone/error_prone_parent/2.1.3/error_prone_parent-2.1.3.pom (5.1 kB at 19 kB/s)
Downloading from central: https://repo.maven.apache.org/maven2/com/google/j2objc/j2objc-annotations/1.1/j2objc-annotations-1.1.pom
Progress (1): 2.8 kB                    Downloaded from central: https://repo.maven.apache.org/maven2/com/google/j2objc/j2objc-annotations/1.1/j2objc-annotations-1.1.pom (2.8 kB at 12 kB/s)
Downloading from central: https://repo.maven.apache.org/maven2/org/codehaus/mojo/animal-sniffer-annotations/1.14/animal-sniffer-annotations-1.14.pom
Progress (1): 2.5 kB                    Downloaded from central: https://repo.maven.apache.org/maven2/org/codehaus/mojo/animal-sniffer-annotations/1.14/animal-sniffer-annotations-1.14.pom (2.5 kB at 13 kB/s)
Downloading from central: https://repo.maven.apache.org/maven2/org/codehaus/mojo/animal-sniffer-parent/1.14/animal-sniffer-parent-1.14.pom
Progress (1): 4.1/4.4 kBProgress (1): 4.4 kB                        Downloaded from central: https://repo.maven.apache.org/maven2/org/codehaus/mojo/animal-sniffer-parent/1.14/animal-sniffer-parent-1.14.pom (4.4 kB at 7.0 kB/s)
Downloading from central: https://repo.maven.apache.org/maven2/org/codehaus/mojo/mojo-parent/34/mojo-parent-34.pom
Progress (1): 4.1/24 kBProgress (1): 8.2/24 kBProgress (1): 12/24 kB Progress (1): 16/24 kBProgress (1): 20/24 kBProgress (1): 24 kB                      Downloaded from central: https://repo.maven.apache.org/maven2/org/codehaus/mojo/mojo-parent/34/mojo-parent-34.pom (24 kB at 159 kB/s)
Downloading from central: https://repo.maven.apache.org/maven2/org/codehaus/codehaus-parent/4/codehaus-parent-4.pom
Progress (1): 4.1/4.8 kBProgress (1): 4.8 kB                        Downloaded from central: https://repo.maven.apache.org/maven2/org/codehaus/codehaus-parent/4/codehaus-parent-4.pom (4.8 kB at 28 kB/s)
Downloading from central: https://repo.maven.apache.org/maven2/com/squareup/okhttp3/okhttp/3.14.6/okhttp-3.14.6.pom
Progress (1): 2.5 kB                    Downloaded from central: https://repo.maven.apache.org/maven2/com/squareup/okhttp3/okhttp/3.14.6/okhttp-3.14.6.pom (2.5 kB at 17 kB/s)
Downloading from central: https://repo.maven.apache.org/maven2/com/squareup/okhttp3/parent/3.14.6/parent-3.14.6.pom
Progress (1): 4.1/21 kBProgress (1): 8.2/21 kBProgress (1): 12/21 kB Progress (1): 16/21 kBProgress (1): 20/21 kBProgress (1): 21 kB                      Downloaded from central: https://repo.maven.apache.org/maven2/com/squareup/okhttp3/parent/3.14.6/parent-3.14.6.pom (21 kB at 72 kB/s)
Downloading from central: https://repo.maven.apache.org/maven2/com/squareup/okio/okio/1.17.2/okio-1.17.2.pom
Progress (1): 2.0 kB                    Downloaded from central: https://repo.maven.apache.org/maven2/com/squareup/okio/okio/1.17.2/okio-1.17.2.pom (2.0 kB at 16 kB/s)
Downloading from central: https://repo.maven.apache.org/maven2/com/squareup/okio/okio-parent/1.17.2/okio-parent-1.17.2.pom
Progress (1): 4.1/4.9 kBProgress (1): 4.9 kB                        Downloaded from central: https://repo.maven.apache.org/maven2/com/squareup/okio/okio-parent/1.17.2/okio-parent-1.17.2.pom (4.9 kB at 31 kB/s)
Downloading from central: https://repo.maven.apache.org/maven2/com/squareup/okio/okio/1.14.0/okio-1.14.0.pom
Progress (1): 2.0 kB                    Downloaded from central: https://repo.maven.apache.org/maven2/com/squareup/okio/okio/1.14.0/okio-1.14.0.pom (2.0 kB at 19 kB/s)
Downloading from central: https://repo.maven.apache.org/maven2/com/squareup/okio/okio-parent/1.14.0/okio-parent-1.14.0.pom
Progress (1): 4.1/4.9 kBProgress (1): 4.9 kB                        Downloaded from central: https://repo.maven.apache.org/maven2/com/squareup/okio/okio-parent/1.14.0/okio-parent-1.14.0.pom (4.9 kB at 33 kB/s)
Downloading from central: https://repo.maven.apache.org/maven2/org/seleniumhq/selenium/selenium-edge-driver/3.141.59/selenium-edge-driver-3.141.59.pom
Progress (1): 4.0 kB                    Downloaded from central: https://repo.maven.apache.org/maven2/org/seleniumhq/selenium/selenium-edge-driver/3.141.59/selenium-edge-driver-3.141.59.pom (4.0 kB at 34 kB/s)
Downloading from central: https://repo.maven.apache.org/maven2/org/seleniumhq/selenium/selenium-firefox-driver/3.141.59/selenium-firefox-driver-3.141.59.pom
Progress (1): 4.0 kB                    Downloaded from central: https://repo.maven.apache.org/maven2/org/seleniumhq/selenium/selenium-firefox-driver/3.141.59/selenium-firefox-driver-3.141.59.pom (4.0 kB at 43 kB/s)
Downloading from central: https://repo.maven.apache.org/maven2/org/seleniumhq/selenium/selenium-ie-driver/3.141.59/selenium-ie-driver-3.141.59.pom
Progress (1): 4.0 kB                    Downloaded from central: https://repo.maven.apache.org/maven2/org/seleniumhq/selenium/selenium-ie-driver/3.141.59/selenium-ie-driver-3.141.59.pom (4.0 kB at 44 kB/s)
Downloading from central: https://repo.maven.apache.org/maven2/org/seleniumhq/selenium/selenium-opera-driver/3.141.59/selenium-opera-driver-3.141.59.pom
Progress (1): 4.0 kB                    Downloaded from central: https://repo.maven.apache.org/maven2/org/seleniumhq/selenium/selenium-opera-driver/3.141.59/selenium-opera-driver-3.141.59.pom (4.0 kB at 37 kB/s)
Downloading from central: https://repo.maven.apache.org/maven2/org/seleniumhq/selenium/selenium-safari-driver/3.141.59/selenium-safari-driver-3.141.59.pom
Progress (1): 4.0 kB                    Downloaded from central: https://repo.maven.apache.org/maven2/org/seleniumhq/selenium/selenium-safari-driver/3.141.59/selenium-safari-driver-3.141.59.pom (4.0 kB at 21 kB/s)
Downloading from central: https://repo.maven.apache.org/maven2/org/seleniumhq/selenium/selenium-support/3.141.59/selenium-support-3.141.59.pom
Progress (1): 4.0 kB                    Downloaded from central: https://repo.maven.apache.org/maven2/org/seleniumhq/selenium/selenium-support/3.141.59/selenium-support-3.141.59.pom (4.0 kB at 39 kB/s)
Downloading from central: https://repo.maven.apache.org/maven2/org/hamcrest/hamcrest-core/2.1/hamcrest-core-2.1.jar
Downloading from central: https://repo.maven.apache.org/maven2/org/seleniumhq/selenium/selenium-chrome-driver/3.141.59/selenium-chrome-driver-3.141.59.jar
Downloading from central: https://repo.maven.apache.org/maven2/org/seleniumhq/selenium/selenium-java/3.141.59/selenium-java-3.141.59.jar
Downloading from central: https://repo.maven.apache.org/maven2/org/seleniumhq/selenium/selenium-api/3.141.59/selenium-api-3.141.59.jar
Downloading from central: https://repo.maven.apache.org/maven2/org/seleniumhq/selenium/selenium-edge-driver/3.141.59/selenium-edge-driver-3.141.59.jar
Progress (1): 4.1/14 kBProgress (1): 8.2/14 kBProgress (1): 12/14 kB Progress (1): 14 kB                      Downloaded from central: https://repo.maven.apache.org/maven2/org/seleniumhq/selenium/selenium-chrome-driver/3.141.59/selenium-chrome-driver-3.141.59.jar (14 kB at 58 kB/s)
Downloading from central: https://repo.maven.apache.org/maven2/org/seleniumhq/selenium/selenium-firefox-driver/3.141.59/selenium-firefox-driver-3.141.59.jar
Progress (1): 2.7/182 kBProgress (1): 5.5/182 kBProgress (2): 5.5/182 kB | 2.7/8.0 kBProgress (2): 8.2/182 kB | 2.7/8.0 kBProgress (3): 8.2/182 kB | 2.7/8.0 kB | 355 BProgress (4): 8.2/182 kB | 2.7/8.0 kB | 355 B | 4.1/810 kBProgress (4): 11/182 kB | 2.7/8.0 kB | 355 B | 4.1/810 kB Progress (4): 11/182 kB | 5.5/8.0 kB | 355 B | 4.1/810 kBProgress (4): 11/182 kB | 5.5/8.0 kB | 355 B | 8.2/810 kBProgress (4): 11/182 kB | 5.5/8.0 kB | 355 B | 12/810 kB Progress (5): 11/182 kB | 5.5/8.0 kB | 355 B | 12/810 kB | 1.2 kBProgress (5): 11/182 kB | 8.0 kB | 355 B | 12/810 kB | 1.2 kB    Progress (5): 14/182 kB | 8.0 kB | 355 B | 12/810 kB | 1.2 kBProgress (5): 14/182 kB | 8.0 kB | 355 B | 16/810 kB | 1.2 kBProgress (5): 14/182 kB | 8.0 kB | 355 B | 20/810 kB | 1.2 kBProgress (5): 14/182 kB | 8.0 kB | 355 B | 25/810 kB | 1.2 kBProgress (5): 14/182 kB | 8.0 kB | 355 B | 29/810 kB | 1.2 kB                                                             Downloaded from central: https://repo.maven.apache.org/maven2/org/seleniumhq/selenium/selenium-java/3.141.59/selenium-java-3.141.59.jar (355 B at 720 B/s)
Progress (4): 14/182 kB | 8.0 kB | 33/810 kB | 1.2 kB                                                     Downloaded from central: https://repo.maven.apache.org/maven2/org/seleniumhq/selenium/selenium-edge-driver/3.141.59/selenium-edge-driver-3.141.59.jar (8.0 kB at 17 kB/s)
Progress (3): 14/182 kB | 37/810 kB | 1.2 kB                                            Downloading from central: https://repo.maven.apache.org/maven2/org/seleniumhq/selenium/selenium-opera-driver/3.141.59/selenium-opera-driver-3.141.59.jar
Progress (3): 16/182 kB | 37/810 kB | 1.2 kB                                            Downloading from central: https://repo.maven.apache.org/maven2/org/seleniumhq/selenium/selenium-ie-driver/3.141.59/selenium-ie-driver-3.141.59.jar
Progress (3): 16/182 kB | 41/810 kB | 1.2 kBProgress (3): 19/182 kB | 41/810 kB | 1.2 kBProgress (3): 22/182 kB | 41/810 kB | 1.2 kBProgress (3): 25/182 kB | 41/810 kB | 1.2 kBProgress (3): 27/182 kB | 41/810 kB | 1.2 kBProgress (3): 30/182 kB | 41/810 kB | 1.2 kBProgress (3): 30/182 kB | 45/810 kB | 1.2 kBProgress (4): 30/182 kB | 45/810 kB | 1.2 kB | 2.7/17 kB                                                        Downloaded from central: https://repo.maven.apache.org/maven2/org/hamcrest/hamcrest-core/2.1/hamcrest-core-2.1.jar (1.2 kB at 1.7 kB/s)
Progress (4): 30/182 kB | 45/810 kB | 2.7/17 kB | 2.7/11 kBProgress (4): 30/182 kB | 49/810 kB | 2.7/17 kB | 2.7/11 kBProgress (4): 33/182 kB | 49/810 kB | 2.7/17 kB | 2.7/11 kBProgress (4): 33/182 kB | 53/810 kB | 2.7/17 kB | 2.7/11 kBProgress (4): 33/182 kB | 57/810 kB | 2.7/17 kB | 2.7/11 kBProgress (4): 33/182 kB | 57/810 kB | 5.5/17 kB | 2.7/11 kB                                                           Downloading from central: https://repo.maven.apache.org/maven2/org/seleniumhq/selenium/selenium-remote-driver/3.141.59/selenium-remote-driver-3.141.59.jar
Progress (4): 33/182 kB | 61/810 kB | 5.5/17 kB | 2.7/11 kBProgress (4): 33/182 kB | 61/810 kB | 8.2/17 kB | 2.7/11 kBProgress (4): 33/182 kB | 61/810 kB | 11/17 kB | 2.7/11 kB Progress (4): 33/182 kB | 61/810 kB | 11/17 kB | 5.5/11 kBProgress (4): 33/182 kB | 61/810 kB | 11/17 kB | 8.2/11 kBProgress (4): 36/182 kB | 61/810 kB | 11/17 kB | 8.2/11 kBProgress (4): 36/182 kB | 61/810 kB | 14/17 kB | 8.2/11 kBProgress (4): 36/182 kB | 66/810 kB | 14/17 kB | 8.2/11 kBProgress (4): 38/182 kB | 66/810 kB | 14/17 kB | 8.2/11 kBProgress (4): 41/182 kB | 66/810 kB | 14/17 kB | 8.2/11 kBProgress (4): 41/182 kB | 66/810 kB | 16/17 kB | 8.2/11 kBProgress (4): 41/182 kB | 70/810 kB | 16/17 kB | 8.2/11 kBProgress (4): 41/182 kB | 70/810 kB | 16/17 kB | 11 kB    Progress (4): 41/182 kB | 74/810 kB | 16/17 kB | 11 kBProgress (4): 41/182 kB | 78/810 kB | 16/17 kB | 11 kBProgress (4): 41/182 kB | 78/810 kB | 17 kB | 11 kB   Progress (4): 44/182 kB | 78/810 kB | 17 kB | 11 kBProgress (5): 44/182 kB | 78/810 kB | 17 kB | 11 kB | 2.7/334 kBProgress (5): 44/182 kB | 82/810 kB | 17 kB | 11 kB | 2.7/334 kBProgress (5): 44/182 kB | 86/810 kB | 17 kB | 11 kB | 2.7/334 kBProgress (5): 44/182 kB | 90/810 kB | 17 kB | 11 kB | 2.7/334 kBProgress (5): 44/182 kB | 94/810 kB | 17 kB | 11 kB | 2.7/334 kBProgress (5): 44/182 kB | 94/810 kB | 17 kB | 11 kB | 5.5/334 kBProgress (5): 47/182 kB | 94/810 kB | 17 kB | 11 kB | 5.5/334 kBProgress (5): 47/182 kB | 94/810 kB | 17 kB | 11 kB | 8.2/334 kB                                                                Downloaded from central: https://repo.maven.apache.org/maven2/org/seleniumhq/selenium/selenium-ie-driver/3.141.59/selenium-ie-driver-3.141.59.jar (17 kB at 21 kB/s)
Progress (4): 47/182 kB | 98/810 kB | 11 kB | 8.2/334 kB                                                        Downloaded from central: https://repo.maven.apache.org/maven2/org/seleniumhq/selenium/selenium-opera-driver/3.141.59/selenium-opera-driver-3.141.59.jar (11 kB at 13 kB/s)
Downloading from central: https://repo.maven.apache.org/maven2/org/seleniumhq/selenium/selenium-support/3.141.59/selenium-support-3.141.59.jar
Progress (3): 47/182 kB | 102/810 kB | 8.2/334 kB                                                 Downloading from central: https://repo.maven.apache.org/maven2/org/seleniumhq/selenium/selenium-safari-driver/3.141.59/selenium-safari-driver-3.141.59.jar
Progress (3): 49/182 kB | 102/810 kB | 8.2/334 kBProgress (3): 49/182 kB | 102/810 kB | 11/334 kB Progress (3): 49/182 kB | 102/810 kB | 14/334 kBProgress (3): 49/182 kB | 102/810 kB | 16/334 kBProgress (3): 52/182 kB | 102/810 kB | 16/334 kBProgress (3): 52/182 kB | 106/810 kB | 16/334 kBProgress (3): 52/182 kB | 106/810 kB | 19/334 kBProgress (3): 52/182 kB | 111/810 kB | 19/334 kBProgress (3): 52/182 kB | 111/810 kB | 22/334 kBProgress (3): 52/182 kB | 111/810 kB | 25/334 kBProgress (4): 52/182 kB | 111/810 kB | 25/334 kB | 2.7/151 kBProgress (4): 55/182 kB | 111/810 kB | 25/334 kB | 2.7/151 kBProgress (4): 55/182 kB | 115/810 kB | 25/334 kB | 2.7/151 kBProgress (4): 55/182 kB | 115/810 kB | 27/334 kB | 2.7/151 kBProgress (4): 55/182 kB | 119/810 kB | 27/334 kB | 2.7/151 kBProgress (4): 55/182 kB | 123/810 kB | 27/334 kB | 2.7/151 kBProgress (4): 55/182 kB | 127/810 kB | 27/334 kB | 2.7/151 kBProgress (4): 55/182 kB | 127/810 kB | 30/334 kB | 2.7/151 kBProgress (4): 55/182 kB | 127/810 kB | 33/334 kB | 2.7/151 kBProgress (4): 55/182 kB | 127/810 kB | 36/334 kB | 2.7/151 kBProgress (4): 55/182 kB | 127/810 kB | 38/334 kB | 2.7/151 kBProgress (4): 58/182 kB | 127/810 kB | 38/334 kB | 2.7/151 kBProgress (4): 58/182 kB | 127/810 kB | 38/334 kB | 5.5/151 kBProgress (4): 58/182 kB | 127/810 kB | 38/334 kB | 8.2/151 kBProgress (4): 58/182 kB | 127/810 kB | 38/334 kB | 11/151 kB Progress (4): 58/182 kB | 131/810 kB | 38/334 kB | 11/151 kBProgress (5): 58/182 kB | 131/810 kB | 38/334 kB | 11/151 kB | 2.7/16 kBProgress (5): 58/182 kB | 131/810 kB | 38/334 kB | 11/151 kB | 5.5/16 kBProgress (5): 58/182 kB | 131/810 kB | 38/334 kB | 11/151 kB | 8.2/16 kBProgress (5): 58/182 kB | 135/810 kB | 38/334 kB | 11/151 kB | 8.2/16 kBProgress (5): 60/182 kB | 135/810 kB | 38/334 kB | 11/151 kB | 8.2/16 kBProgress (5): 60/182 kB | 135/810 kB | 38/334 kB | 11/151 kB | 11/16 kB Progress (5): 60/182 kB | 139/810 kB | 38/334 kB | 11/151 kB | 11/16 kBProgress (5): 60/182 kB | 139/810 kB | 41/334 kB | 11/151 kB | 11/16 kBProgress (5): 63/182 kB | 139/810 kB | 41/334 kB | 11/151 kB | 11/16 kBProgress (5): 66/182 kB | 139/810 kB | 41/334 kB | 11/151 kB | 11/16 kBProgress (5): 66/182 kB | 143/810 kB | 41/334 kB | 11/151 kB | 11/16 kBProgress (5): 66/182 kB | 147/810 kB | 41/334 kB | 11/151 kB | 11/16 kBProgress (5): 66/182 kB | 147/810 kB | 41/334 kB | 14/151 kB | 11/16 kBProgress (5): 66/182 kB | 147/810 kB | 41/334 kB | 14/151 kB | 14/16 kBProgress (5): 66/182 kB | 147/810 kB | 44/334 kB | 14/151 kB | 14/16 kBProgress (5): 66/182 kB | 152/810 kB | 44/334 kB | 14/151 kB | 14/16 kBProgress (5): 70/182 kB | 152/810 kB | 44/334 kB | 14/151 kB | 14/16 kBProgress (5): 74/182 kB | 152/810 kB | 44/334 kB | 14/151 kB | 14/16 kBProgress (5): 74/182 kB | 156/810 kB | 44/334 kB | 14/151 kB | 14/16 kBProgress (5): 74/182 kB | 156/810 kB | 47/334 kB | 14/151 kB | 14/16 kBProgress (5): 74/182 kB | 160/810 kB | 47/334 kB | 14/151 kB | 14/16 kBProgress (5): 74/182 kB | 160/810 kB | 49/334 kB | 14/151 kB | 14/16 kBProgress (5): 74/182 kB | 160/810 kB | 49/334 kB | 14/151 kB | 16 kB   Progress (5): 78/182 kB | 160/810 kB | 49/334 kB | 14/151 kB | 16 kBProgress (5): 82/182 kB | 160/810 kB | 49/334 kB | 14/151 kB | 16 kBProgress (5): 86/182 kB | 160/810 kB | 49/334 kB | 14/151 kB | 16 kBProgress (5): 90/182 kB | 160/810 kB | 49/334 kB | 14/151 kB | 16 kBProgress (5): 94/182 kB | 160/810 kB | 49/334 kB | 14/151 kB | 16 kBProgress (5): 99/182 kB | 160/810 kB | 49/334 kB | 14/151 kB | 16 kBProgress (5): 99/182 kB | 160/810 kB | 49/334 kB | 16/151 kB | 16 kBProgress (5): 99/182 kB | 160/810 kB | 52/334 kB | 16/151 kB | 16 kBProgress (5): 99/182 kB | 164/810 kB | 52/334 kB | 16/151 kB | 16 kBProgress (5): 99/182 kB | 168/810 kB | 52/334 kB | 16/151 kB | 16 kBProgress (5): 99/182 kB | 168/810 kB | 55/334 kB | 16/151 kB | 16 kBProgress (5): 99/182 kB | 168/810 kB | 55/334 kB | 19/151 kB | 16 kBProgress (5): 99/182 kB | 172/810 kB | 55/334 kB | 19/151 kB | 16 kBProgress (5): 99/182 kB | 176/810 kB | 55/334 kB | 19/151 kB | 16 kBProgress (5): 99/182 kB | 180/810 kB | 55/334 kB | 19/151 kB | 16 kBProgress (5): 99/182 kB | 180/810 kB | 55/334 kB | 22/151 kB | 16 kBProgress (5): 99/182 kB | 180/810 kB | 55/334 kB | 25/151 kB | 16 kBProgress (5): 99/182 kB | 180/810 kB | 59/334 kB | 25/151 kB | 16 kBProgress (5): 103/182 kB | 180/810 kB | 59/334 kB | 25/151 kB | 16 kBProgress (5): 103/182 kB | 180/810 kB | 59/334 kB | 27/151 kB | 16 kBProgress (5): 103/182 kB | 180/810 kB | 63/334 kB | 27/151 kB | 16 kB                                                                     Downloaded from central: https://repo.maven.apache.org/maven2/org/seleniumhq/selenium/selenium-safari-driver/3.141.59/selenium-safari-driver-3.141.59.jar (16 kB at 13 kB/s)
Downloading from central: https://repo.maven.apache.org/maven2/org/apache/commons/commons-exec/1.3/commons-exec-1.3.jar
Progress (4): 103/182 kB | 180/810 kB | 67/334 kB | 27/151 kBProgress (4): 107/182 kB | 180/810 kB | 67/334 kB | 27/151 kBProgress (4): 107/182 kB | 184/810 kB | 67/334 kB | 27/151 kBProgress (4): 107/182 kB | 188/810 kB | 67/334 kB | 27/151 kBProgress (4): 107/182 kB | 193/810 kB | 67/334 kB | 27/151 kBProgress (4): 107/182 kB | 197/810 kB | 67/334 kB | 27/151 kBProgress (4): 107/182 kB | 197/810 kB | 67/334 kB | 30/151 kBProgress (4): 111/182 kB | 197/810 kB | 67/334 kB | 30/151 kBProgress (4): 111/182 kB | 197/810 kB | 67/334 kB | 33/151 kBProgress (4): 111/182 kB | 197/810 kB | 71/334 kB | 33/151 kBProgress (4): 115/182 kB | 197/810 kB | 71/334 kB | 33/151 kBProgress (4): 115/182 kB | 201/810 kB | 71/334 kB | 33/151 kBProgress (4): 119/182 kB | 201/810 kB | 71/334 kB | 33/151 kBProgress (4): 123/182 kB | 201/810 kB | 71/334 kB | 33/151 kBProgress (4): 123/182 kB | 201/810 kB | 71/334 kB | 36/151 kBProgress (4): 127/182 kB | 201/810 kB | 71/334 kB | 36/151 kBProgress (4): 131/182 kB | 201/810 kB | 71/334 kB | 36/151 kBProgress (4): 131/182 kB | 201/810 kB | 75/334 kB | 36/151 kBProgress (4): 131/182 kB | 201/810 kB | 79/334 kB | 36/151 kBProgress (4): 131/182 kB | 205/810 kB | 79/334 kB | 36/151 kBProgress (4): 135/182 kB | 205/810 kB | 79/334 kB | 36/151 kBProgress (4): 135/182 kB | 205/810 kB | 79/334 kB | 38/151 kBProgress (4): 135/182 kB | 205/810 kB | 84/334 kB | 38/151 kBProgress (4): 135/182 kB | 205/810 kB | 88/334 kB | 38/151 kBProgress (4): 140/182 kB | 205/810 kB | 88/334 kB | 38/151 kBProgress (4): 144/182 kB | 205/810 kB | 88/334 kB | 38/151 kBProgress (4): 148/182 kB | 205/810 kB | 88/334 kB | 38/151 kBProgress (4): 148/182 kB | 209/810 kB | 88/334 kB | 38/151 kBProgress (4): 152/182 kB | 209/810 kB | 88/334 kB | 38/151 kBProgress (4): 152/182 kB | 209/810 kB | 88/334 kB | 41/151 kBProgress (4): 156/182 kB | 209/810 kB | 88/334 kB | 41/151 kBProgress (4): 156/182 kB | 209/810 kB | 88/334 kB | 44/151 kBProgress (5): 156/182 kB | 209/810 kB | 88/334 kB | 44/151 kB | 2.7/54 kBProgress (5): 156/182 kB | 209/810 kB | 88/334 kB | 48/151 kB | 2.7/54 kBProgress (5): 156/182 kB | 209/810 kB | 92/334 kB | 48/151 kB | 2.7/54 kBProgress (5): 156/182 kB | 209/810 kB | 96/334 kB | 48/151 kB | 2.7/54 kBProgress (5): 156/182 kB | 209/810 kB | 100/334 kB | 48/151 kB | 2.7/54 kBProgress (5): 156/182 kB | 209/810 kB | 104/334 kB | 48/151 kB | 2.7/54 kBProgress (5): 156/182 kB | 209/810 kB | 104/334 kB | 48/151 kB | 5.5/54 kBProgress (5): 156/182 kB | 213/810 kB | 104/334 kB | 48/151 kB | 5.5/54 kBProgress (5): 160/182 kB | 213/810 kB | 104/334 kB | 48/151 kB | 5.5/54 kBProgress (5): 160/182 kB | 217/810 kB | 104/334 kB | 48/151 kB | 5.5/54 kBProgress (5): 160/182 kB | 217/810 kB | 108/334 kB | 48/151 kB | 5.5/54 kBProgress (5): 160/182 kB | 217/810 kB | 112/334 kB | 48/151 kB | 5.5/54 kBProgress (5): 160/182 kB | 217/810 kB | 116/334 kB | 48/151 kB | 5.5/54 kBProgress (5): 160/182 kB | 217/810 kB | 116/334 kB | 52/151 kB | 5.5/54 kBProgress (5): 160/182 kB | 217/810 kB | 120/334 kB | 52/151 kB | 5.5/54 kBProgress (5): 160/182 kB | 217/810 kB | 120/334 kB | 52/151 kB | 8.2/54 kBProgress (5): 164/182 kB | 217/810 kB | 120/334 kB | 52/151 kB | 8.2/54 kBProgress (5): 164/182 kB | 217/810 kB | 120/334 kB | 56/151 kB | 8.2/54 kBProgress (5): 164/182 kB | 217/810 kB | 120/334 kB | 60/151 kB | 8.2/54 kBProgress (5): 168/182 kB | 217/810 kB | 120/334 kB | 60/151 kB | 8.2/54 kBProgress (5): 172/182 kB | 217/810 kB | 120/334 kB | 60/151 kB | 8.2/54 kBProgress (5): 176/182 kB | 217/810 kB | 120/334 kB | 60/151 kB | 8.2/54 kBProgress (5): 176/182 kB | 217/810 kB | 120/334 kB | 64/151 kB | 8.2/54 kBProgress (5): 176/182 kB | 217/810 kB | 120/334 kB | 68/151 kB | 8.2/54 kBProgress (5): 176/182 kB | 217/810 kB | 120/334 kB | 73/151 kB | 8.2/54 kBProgress (5): 176/182 kB | 217/810 kB | 120/334 kB | 73/151 kB | 11/54 kB Progress (5): 180/182 kB | 217/810 kB | 120/334 kB | 73/151 kB | 11/54 kBProgress (5): 182 kB | 217/810 kB | 120/334 kB | 73/151 kB | 11/54 kB    Progress (5): 182 kB | 221/810 kB | 120/334 kB | 73/151 kB | 11/54 kBProgress (5): 182 kB | 221/810 kB | 120/334 kB | 77/151 kB | 11/54 kBProgress (5): 182 kB | 221/810 kB | 124/334 kB | 77/151 kB | 11/54 kBProgress (5): 182 kB | 221/810 kB | 124/334 kB | 81/151 kB | 11/54 kBProgress (5): 182 kB | 225/810 kB | 124/334 kB | 81/151 kB | 11/54 kBProgress (5): 182 kB | 225/810 kB | 124/334 kB | 81/151 kB | 14/54 kBProgress (5): 182 kB | 225/810 kB | 124/334 kB | 85/151 kB | 14/54 kBProgress (5): 182 kB | 225/810 kB | 129/334 kB | 85/151 kB | 14/54 kBProgress (5): 182 kB | 225/810 kB | 129/334 kB | 89/151 kB | 14/54 kBProgress (5): 182 kB | 225/810 kB | 129/334 kB | 89/151 kB | 16/54 kBProgress (5): 182 kB | 229/810 kB | 129/334 kB | 89/151 kB | 16/54 kBProgress (5): 182 kB | 233/810 kB | 129/334 kB | 89/151 kB | 16/54 kBProgress (5): 182 kB | 238/810 kB | 129/334 kB | 89/151 kB | 16/54 kBProgress (5): 182 kB | 238/810 kB | 129/334 kB | 93/151 kB | 16/54 kBProgress (5): 182 kB | 238/810 kB | 133/334 kB | 93/151 kB | 16/54 kBProgress (5): 182 kB | 238/810 kB | 137/334 kB | 93/151 kB | 16/54 kBProgress (5): 182 kB | 238/810 kB | 137/334 kB | 97/151 kB | 16/54 kBProgress (5): 182 kB | 238/810 kB | 137/334 kB | 101/151 kB | 16/54 kBProgress (5): 182 kB | 238/810 kB | 137/334 kB | 105/151 kB | 16/54 kBProgress (5): 182 kB | 242/810 kB | 137/334 kB | 105/151 kB | 16/54 kBProgress (5): 182 kB | 242/810 kB | 141/334 kB | 105/151 kB | 16/54 kBProgress (5): 182 kB | 242/810 kB | 145/334 kB | 105/151 kB | 16/54 kBProgress (5): 182 kB | 242/810 kB | 149/334 kB | 105/151 kB | 16/54 kBProgress (5): 182 kB | 242/810 kB | 153/334 kB | 105/151 kB | 16/54 kBProgress (5): 182 kB | 242/810 kB | 153/334 kB | 105/151 kB | 19/54 kBProgress (5): 182 kB | 242/810 kB | 153/334 kB | 105/151 kB | 22/54 kB                                                                      Downloaded from central: https://repo.maven.apache.org/maven2/org/seleniumhq/selenium/selenium-api/3.141.59/selenium-api-3.141.59.jar (182 kB at 114 kB/s)
Downloading from central: https://repo.maven.apache.org/maven2/com/google/guava/guava/25.0-jre/guava-25.0-jre.jar
Progress (4): 242/810 kB | 153/334 kB | 109/151 kB | 22/54 kBProgress (4): 246/810 kB | 153/334 kB | 109/151 kB | 22/54 kBProgress (4): 250/810 kB | 153/334 kB | 109/151 kB | 22/54 kBProgress (4): 250/810 kB | 157/334 kB | 109/151 kB | 22/54 kBProgress (4): 250/810 kB | 157/334 kB | 109/151 kB | 25/54 kBProgress (4): 250/810 kB | 161/334 kB | 109/151 kB | 25/54 kBProgress (4): 250/810 kB | 161/334 kB | 109/151 kB | 27/54 kBProgress (4): 250/810 kB | 161/334 kB | 109/151 kB | 30/54 kBProgress (4): 254/810 kB | 161/334 kB | 109/151 kB | 30/54 kBProgress (4): 254/810 kB | 165/334 kB | 109/151 kB | 30/54 kBProgress (4): 254/810 kB | 165/334 kB | 109/151 kB | 33/54 kBProgress (4): 254/810 kB | 170/334 kB | 109/151 kB | 33/54 kBProgress (4): 254/810 kB | 170/334 kB | 109/151 kB | 36/54 kBProgress (4): 254/810 kB | 174/334 kB | 109/151 kB | 36/54 kBProgress (4): 254/810 kB | 174/334 kB | 109/151 kB | 40/54 kBProgress (4): 254/810 kB | 174/334 kB | 109/151 kB | 44/54 kBProgress (4): 254/810 kB | 174/334 kB | 109/151 kB | 48/54 kBProgress (4): 254/810 kB | 174/334 kB | 109/151 kB | 52/54 kBProgress (4): 254/810 kB | 174/334 kB | 109/151 kB | 54 kB   Progress (4): 254/810 kB | 178/334 kB | 109/151 kB | 54 kBProgress (4): 254/810 kB | 182/334 kB | 109/151 kB | 54 kBProgress (4): 254/810 kB | 186/334 kB | 109/151 kB | 54 kBProgress (4): 258/810 kB | 186/334 kB | 109/151 kB | 54 kBProgress (4): 262/810 kB | 186/334 kB | 109/151 kB | 54 kBProgress (4): 266/810 kB | 186/334 kB | 109/151 kB | 54 kBProgress (4): 266/810 kB | 186/334 kB | 114/151 kB | 54 kBProgress (4): 266/810 kB | 186/334 kB | 118/151 kB | 54 kBProgress (4): 266/810 kB | 190/334 kB | 118/151 kB | 54 kBProgress (4): 270/810 kB | 190/334 kB | 118/151 kB | 54 kBProgress (4): 274/810 kB | 190/334 kB | 118/151 kB | 54 kBProgress (4): 274/810 kB | 190/334 kB | 122/151 kB | 54 kBProgress (4): 274/810 kB | 190/334 kB | 126/151 kB | 54 kBProgress (4): 274/810 kB | 194/334 kB | 126/151 kB | 54 kBProgress (4): 279/810 kB | 194/334 kB | 126/151 kB | 54 kBProgress (4): 279/810 kB | 194/334 kB | 130/151 kB | 54 kBProgress (5): 279/810 kB | 194/334 kB | 130/151 kB | 54 kB | 0/2.7 MBProgress (5): 279/810 kB | 198/334 kB | 130/151 kB | 54 kB | 0/2.7 MBProgress (5): 279/810 kB | 202/334 kB | 130/151 kB | 54 kB | 0/2.7 MBProgress (5): 283/810 kB | 202/334 kB | 130/151 kB | 54 kB | 0/2.7 MBProgress (5): 283/810 kB | 202/334 kB | 130/151 kB | 54 kB | 0/2.7 MBProgress (5): 287/810 kB | 202/334 kB | 130/151 kB | 54 kB | 0/2.7 MBProgress (5): 291/810 kB | 202/334 kB | 130/151 kB | 54 kB | 0/2.7 MBProgress (5): 291/810 kB | 202/334 kB | 134/151 kB | 54 kB | 0/2.7 MBProgress (5): 291/810 kB | 202/334 kB | 138/151 kB | 54 kB | 0/2.7 MB                                                                     Downloaded from central: https://repo.maven.apache.org/maven2/org/apache/commons/commons-exec/1.3/commons-exec-1.3.jar (54 kB at 32 kB/s)
Downloading from central: https://repo.maven.apache.org/maven2/com/google/code/findbugs/jsr305/1.3.9/jsr305-1.3.9.jar
Progress (4): 291/810 kB | 206/334 kB | 138/151 kB | 0/2.7 MBProgress (4): 291/810 kB | 206/334 kB | 138/151 kB | 0/2.7 MBProgress (4): 291/810 kB | 206/334 kB | 142/151 kB | 0/2.7 MBProgress (4): 295/810 kB | 206/334 kB | 142/151 kB | 0/2.7 MBProgress (4): 299/810 kB | 206/334 kB | 142/151 kB | 0/2.7 MBProgress (4): 299/810 kB | 210/334 kB | 142/151 kB | 0/2.7 MBProgress (4): 303/810 kB | 210/334 kB | 142/151 kB | 0/2.7 MBProgress (4): 307/810 kB | 210/334 kB | 142/151 kB | 0/2.7 MBProgress (4): 307/810 kB | 215/334 kB | 142/151 kB | 0/2.7 MBProgress (4): 307/810 kB | 215/334 kB | 142/151 kB | 0.1/2.7 MBProgress (4): 307/810 kB | 215/334 kB | 142/151 kB | 0.1/2.7 MBProgress (4): 311/810 kB | 215/334 kB | 142/151 kB | 0.1/2.7 MBProgress (4): 311/810 kB | 219/334 kB | 142/151 kB | 0.1/2.7 MBProgress (4): 311/810 kB | 219/334 kB | 146/151 kB | 0.1/2.7 MBProgress (4): 315/810 kB | 219/334 kB | 146/151 kB | 0.1/2.7 MBProgress (4): 319/810 kB | 219/334 kB | 146/151 kB | 0.1/2.7 MBProgress (4): 324/810 kB | 219/334 kB | 146/151 kB | 0.1/2.7 MBProgress (4): 328/810 kB | 219/334 kB | 146/151 kB | 0.1/2.7 MBProgress (4): 332/810 kB | 219/334 kB | 146/151 kB | 0.1/2.7 MBProgress (5): 332/810 kB | 219/334 kB | 146/151 kB | 0.1/2.7 MB | 4.1/33 kBProgress (5): 332/810 kB | 219/334 kB | 146/151 kB | 0.1/2.7 MB | 4.1/33 kBProgress (5): 332/810 kB | 223/334 kB | 146/151 kB | 0.1/2.7 MB | 4.1/33 kBProgress (5): 332/810 kB | 223/334 kB | 150/151 kB | 0.1/2.7 MB | 4.1/33 kBProgress (5): 332/810 kB | 223/334 kB | 151 kB | 0.1/2.7 MB | 4.1/33 kB    Progress (5): 332/810 kB | 227/334 kB | 151 kB | 0.1/2.7 MB | 4.1/33 kBProgress (5): 332/810 kB | 231/334 kB | 151 kB | 0.1/2.7 MB | 4.1/33 kBProgress (5): 332/810 kB | 235/334 kB | 151 kB | 0.1/2.7 MB | 4.1/33 kBProgress (5): 332/810 kB | 235/334 kB | 151 kB | 0.1/2.7 MB | 4.1/33 kBProgress (5): 332/810 kB | 239/334 kB | 151 kB | 0.1/2.7 MB | 4.1/33 kBProgress (5): 332/810 kB | 239/334 kB | 151 kB | 0.1/2.7 MB | 8.2/33 kBProgress (5): 336/810 kB | 239/334 kB | 151 kB | 0.1/2.7 MB | 8.2/33 kBProgress (5): 340/810 kB | 239/334 kB | 151 kB | 0.1/2.7 MB | 8.2/33 kBProgress (5): 340/810 kB | 243/334 kB | 151 kB | 0.1/2.7 MB | 8.2/33 kBProgress (5): 340/810 kB | 243/334 kB | 151 kB | 0.1/2.7 MB | 12/33 kB Progress (5): 340/810 kB | 243/334 kB | 151 kB | 0.1/2.7 MB | 16/33 kBProgress (5): 340/810 kB | 243/334 kB | 151 kB | 0.1/2.7 MB | 16/33 kBProgress (5): 340/810 kB | 243/334 kB | 151 kB | 0.1/2.7 MB | 20/33 kBProgress (5): 344/810 kB | 243/334 kB | 151 kB | 0.1/2.7 MB | 20/33 kBProgress (5): 344/810 kB | 247/334 kB | 151 kB | 0.1/2.7 MB | 20/33 kBProgress (5): 344/810 kB | 251/334 kB | 151 kB | 0.1/2.7 MB | 20/33 kBProgress (5): 344/810 kB | 251/334 kB | 151 kB | 0.1/2.7 MB | 25/33 kBProgress (5): 344/810 kB | 251/334 kB | 151 kB | 0.1/2.7 MB | 29/33 kBProgress (5): 344/810 kB | 251/334 kB | 151 kB | 0.1/2.7 MB | 33/33 kBProgress (5): 344/810 kB | 251/334 kB | 151 kB | 0.1/2.7 MB | 33 kB   Progress (5): 344/810 kB | 251/334 kB | 151 kB | 0.1/2.7 MB | 33 kBProgress (5): 344/810 kB | 256/334 kB | 151 kB | 0.1/2.7 MB | 33 kBProgress (5): 344/810 kB | 260/334 kB | 151 kB | 0.1/2.7 MB | 33 kBProgress (5): 344/810 kB | 264/334 kB | 151 kB | 0.1/2.7 MB | 33 kBProgress (5): 344/810 kB | 268/334 kB | 151 kB | 0.1/2.7 MB | 33 kBProgress (5): 344/810 kB | 272/334 kB | 151 kB | 0.1/2.7 MB | 33 kBProgress (5): 348/810 kB | 272/334 kB | 151 kB | 0.1/2.7 MB | 33 kBProgress (5): 348/810 kB | 276/334 kB | 151 kB | 0.1/2.7 MB | 33 kBProgress (5): 348/810 kB | 280/334 kB | 151 kB | 0.1/2.7 MB | 33 kBProgress (5): 348/810 kB | 280/334 kB | 151 kB | 0.2/2.7 MB | 33 kBProgress (5): 348/810 kB | 284/334 kB | 151 kB | 0.2/2.7 MB | 33 kBProgress (5): 352/810 kB | 284/334 kB | 151 kB | 0.2/2.7 MB | 33 kBProgress (5): 356/810 kB | 284/334 kB | 151 kB | 0.2/2.7 MB | 33 kBProgress (5): 356/810 kB | 288/334 kB | 151 kB | 0.2/2.7 MB | 33 kBProgress (5): 360/810 kB | 288/334 kB | 151 kB | 0.2/2.7 MB | 33 kBProgress (5): 365/810 kB | 288/334 kB | 151 kB | 0.2/2.7 MB | 33 kBProgress (5): 365/810 kB | 292/334 kB | 151 kB | 0.2/2.7 MB | 33 kBProgress (5): 365/810 kB | 297/334 kB | 151 kB | 0.2/2.7 MB | 33 kBProgress (5): 365/810 kB | 301/334 kB | 151 kB | 0.2/2.7 MB | 33 kBProgress (5): 365/810 kB | 305/334 kB | 151 kB | 0.2/2.7 MB | 33 kBProgress (5): 365/810 kB | 309/334 kB | 151 kB | 0.2/2.7 MB | 33 kBProgress (5): 365/810 kB | 313/334 kB | 151 kB | 0.2/2.7 MB | 33 kBProgress (5): 365/810 kB | 317/334 kB | 151 kB | 0.2/2.7 MB | 33 kBProgress (5): 365/810 kB | 321/334 kB | 151 kB | 0.2/2.7 MB | 33 kBProgress (5): 365/810 kB | 325/334 kB | 151 kB | 0.2/2.7 MB | 33 kBProgress (5): 365/810 kB | 325/334 kB | 151 kB | 0.2/2.7 MB | 33 kBProgress (5): 369/810 kB | 325/334 kB | 151 kB | 0.2/2.7 MB | 33 kB                                                                   Downloaded from central: https://repo.maven.apache.org/maven2/com/google/code/findbugs/jsr305/1.3.9/jsr305-1.3.9.jar (33 kB at 17 kB/s)
Downloading from central: https://repo.maven.apache.org/maven2/org/checkerframework/checker-compat-qual/2.0.0/checker-compat-qual-2.0.0.jar
Progress (4): 369/810 kB | 329/334 kB | 151 kB | 0.2/2.7 MBProgress (4): 369/810 kB | 333/334 kB | 151 kB | 0.2/2.7 MBProgress (4): 369/810 kB | 334 kB | 151 kB | 0.2/2.7 MB                                                           Downloaded from central: https://repo.maven.apache.org/maven2/org/seleniumhq/selenium/selenium-support/3.141.59/selenium-support-3.141.59.jar (151 kB at 76 kB/s)
Downloading from central: https://repo.maven.apache.org/maven2/com/google/errorprone/error_prone_annotations/2.1.3/error_prone_annotations-2.1.3.jar
Progress (3): 373/810 kB | 334 kB | 0.2/2.7 MBProgress (3): 377/810 kB | 334 kB | 0.2/2.7 MBProgress (3): 381/810 kB | 334 kB | 0.2/2.7 MBProgress (3): 381/810 kB | 334 kB | 0.2/2.7 MBProgress (3): 385/810 kB | 334 kB | 0.2/2.7 MBProgress (3): 385/810 kB | 334 kB | 0.2/2.7 MBProgress (3): 389/810 kB | 334 kB | 0.2/2.7 MBProgress (3): 393/810 kB | 334 kB | 0.2/2.7 MBProgress (3): 393/810 kB | 334 kB | 0.2/2.7 MBProgress (3): 393/810 kB | 334 kB | 0.2/2.7 MBProgress (4): 393/810 kB | 334 kB | 0.2/2.7 MB | 4.1/14 kBProgress (4): 393/810 kB | 334 kB | 0.2/2.7 MB | 8.2/14 kBProgress (4): 393/810 kB | 334 kB | 0.2/2.7 MB | 12/14 kB Progress (4): 393/810 kB | 334 kB | 0.2/2.7 MB | 14 kB   Progress (4): 393/810 kB | 334 kB | 0.3/2.7 MB | 14 kBProgress (4): 397/810 kB | 334 kB | 0.3/2.7 MB | 14 kB                                                      Downloaded from central: https://repo.maven.apache.org/maven2/org/seleniumhq/selenium/selenium-remote-driver/3.141.59/selenium-remote-driver-3.141.59.jar (334 kB at 158 kB/s)
Downloading from central: https://repo.maven.apache.org/maven2/com/google/j2objc/j2objc-annotations/1.1/j2objc-annotations-1.1.jar
Progress (4): 397/810 kB | 0.3/2.7 MB | 14 kB | 4.1/32 kBProgress (4): 397/810 kB | 0.3/2.7 MB | 14 kB | 8.2/32 kBProgress (4): 397/810 kB | 0.3/2.7 MB | 14 kB | 12/32 kB Progress (4): 397/810 kB | 0.3/2.7 MB | 14 kB | 16/32 kBProgress (4): 397/810 kB | 0.3/2.7 MB | 14 kB | 20/32 kBProgress (4): 397/810 kB | 0.3/2.7 MB | 14 kB | 25/32 kBProgress (4): 397/810 kB | 0.3/2.7 MB | 14 kB | 29/32 kBProgress (4): 397/810 kB | 0.3/2.7 MB | 14 kB | 32 kB                                                        Downloaded from central: https://repo.maven.apache.org/maven2/com/google/errorprone/error_prone_annotations/2.1.3/error_prone_annotations-2.1.3.jar (14 kB at 6.4 kB/s)
Downloading from central: https://repo.maven.apache.org/maven2/org/codehaus/mojo/animal-sniffer-annotations/1.14/animal-sniffer-annotations-1.14.jar
Progress (4): 397/810 kB | 0.3/2.7 MB | 32 kB | 4.1/8.8 kBProgress (4): 397/810 kB | 0.3/2.7 MB | 32 kB | 8.2/8.8 kBProgress (4): 397/810 kB | 0.3/2.7 MB | 32 kB | 8.8 kB    Progress (4): 397/810 kB | 0.3/2.7 MB | 32 kB | 8.8 kBProgress (4): 397/810 kB | 0.3/2.7 MB | 32 kB | 8.8 kBProgress (4): 397/810 kB | 0.3/2.7 MB | 32 kB | 8.8 kBProgress (4): 397/810 kB | 0.3/2.7 MB | 32 kB | 8.8 kBProgress (5): 397/810 kB | 0.3/2.7 MB | 32 kB | 8.8 kB | 3.5 kB                                                               Downloaded from central: https://repo.maven.apache.org/maven2/org/checkerframework/checker-compat-qual/2.0.0/checker-compat-qual-2.0.0.jar (32 kB at 14 kB/s)
Downloading from central: https://repo.maven.apache.org/maven2/com/squareup/okhttp3/okhttp/3.14.6/okhttp-3.14.6.jar
Progress (4): 397/810 kB | 0.3/2.7 MB | 8.8 kB | 3.5 kBProgress (4): 401/810 kB | 0.3/2.7 MB | 8.8 kB | 3.5 kBProgress (4): 401/810 kB | 0.4/2.7 MB | 8.8 kB | 3.5 kBProgress (4): 401/810 kB | 0.4/2.7 MB | 8.8 kB | 3.5 kB                                                       Downloaded from central: https://repo.maven.apache.org/maven2/com/google/j2objc/j2objc-annotations/1.1/j2objc-annotations-1.1.jar (8.8 kB at 3.9 kB/s)
Downloading from central: https://repo.maven.apache.org/maven2/com/squareup/okio/okio/1.14.0/okio-1.14.0.jar
Progress (3): 401/810 kB | 0.4/2.7 MB | 3.5 kBProgress (3): 406/810 kB | 0.4/2.7 MB | 3.5 kBProgress (3): 410/810 kB | 0.4/2.7 MB | 3.5 kBProgress (3): 414/810 kB | 0.4/2.7 MB | 3.5 kBProgress (3): 418/810 kB | 0.4/2.7 MB | 3.5 kBProgress (3): 422/810 kB | 0.4/2.7 MB | 3.5 kBProgress (3): 426/810 kB | 0.4/2.7 MB | 3.5 kBProgress (3): 426/810 kB | 0.4/2.7 MB | 3.5 kB                                              Downloaded from central: https://repo.maven.apache.org/maven2/org/codehaus/mojo/animal-sniffer-annotations/1.14/animal-sniffer-annotations-1.14.jar (3.5 kB at 1.5 kB/s)
Progress (2): 426/810 kB | 0.4/2.7 MBProgress (2): 430/810 kB | 0.4/2.7 MBProgress (2): 434/810 kB | 0.4/2.7 MBProgress (2): 434/810 kB | 0.4/2.7 MBProgress (2): 434/810 kB | 0.5/2.7 MBProgress (2): 434/810 kB | 0.5/2.7 MBProgress (3): 434/810 kB | 0.5/2.7 MB | 4.1/86 kBProgress (3): 434/810 kB | 0.5/2.7 MB | 8.2/86 kBProgress (3): 434/810 kB | 0.5/2.7 MB | 12/86 kB Progress (3): 434/810 kB | 0.5/2.7 MB | 12/86 kBProgress (3): 438/810 kB | 0.5/2.7 MB | 12/86 kBProgress (3): 442/810 kB | 0.5/2.7 MB | 12/86 kBProgress (3): 446/810 kB | 0.5/2.7 MB | 12/86 kBProgress (3): 450/810 kB | 0.5/2.7 MB | 12/86 kBProgress (3): 454/810 kB | 0.5/2.7 MB | 12/86 kBProgress (3): 458/810 kB | 0.5/2.7 MB | 12/86 kBProgress (3): 458/810 kB | 0.5/2.7 MB | 16/86 kBProgress (3): 458/810 kB | 0.5/2.7 MB | 20/86 kBProgress (3): 458/810 kB | 0.5/2.7 MB | 25/86 kBProgress (3): 458/810 kB | 0.5/2.7 MB | 29/86 kBProgress (3): 458/810 kB | 0.5/2.7 MB | 33/86 kBProgress (3): 458/810 kB | 0.5/2.7 MB | 37/86 kBProgress (3): 458/810 kB | 0.5/2.7 MB | 41/86 kBProgress (3): 458/810 kB | 0.5/2.7 MB | 45/86 kBProgress (3): 458/810 kB | 0.5/2.7 MB | 49/86 kBProgress (3): 463/810 kB | 0.5/2.7 MB | 49/86 kBProgress (3): 463/810 kB | 0.5/2.7 MB | 49/86 kBProgress (3): 463/810 kB | 0.5/2.7 MB | 53/86 kBProgress (3): 463/810 kB | 0.5/2.7 MB | 57/86 kBProgress (3): 463/810 kB | 0.5/2.7 MB | 61/86 kBProgress (3): 463/810 kB | 0.5/2.7 MB | 66/86 kBProgress (3): 463/810 kB | 0.5/2.7 MB | 66/86 kBProgress (3): 467/810 kB | 0.5/2.7 MB | 66/86 kBProgress (3): 471/810 kB | 0.5/2.7 MB | 66/86 kBProgress (3): 475/810 kB | 0.5/2.7 MB | 66/86 kBProgress (3): 475/810 kB | 0.5/2.7 MB | 66/86 kBProgress (4): 475/810 kB | 0.5/2.7 MB | 66/86 kB | 4.1/428 kBProgress (4): 475/810 kB | 0.6/2.7 MB | 66/86 kB | 4.1/428 kBProgress (4): 475/810 kB | 0.6/2.7 MB | 70/86 kB | 4.1/428 kBProgress (4): 475/810 kB | 0.6/2.7 MB | 74/86 kB | 4.1/428 kBProgress (4): 475/810 kB | 0.6/2.7 MB | 78/86 kB | 4.1/428 kBProgress (4): 475/810 kB | 0.6/2.7 MB | 82/86 kB | 4.1/428 kBProgress (4): 475/810 kB | 0.6/2.7 MB | 86 kB | 4.1/428 kB   Progress (4): 475/810 kB | 0.6/2.7 MB | 86 kB | 4.1/428 kBProgress (4): 475/810 kB | 0.6/2.7 MB | 86 kB | 8.2/428 kBProgress (4): 475/810 kB | 0.6/2.7 MB | 86 kB | 12/428 kB Progress (4): 475/810 kB | 0.6/2.7 MB | 86 kB | 16/428 kBProgress (4): 479/810 kB | 0.6/2.7 MB | 86 kB | 16/428 kBProgress (4): 479/810 kB | 0.6/2.7 MB | 86 kB | 16/428 kBProgress (4): 479/810 kB | 0.6/2.7 MB | 86 kB | 20/428 kBProgress (4): 479/810 kB | 0.6/2.7 MB | 86 kB | 25/428 kBProgress (4): 479/810 kB | 0.6/2.7 MB | 86 kB | 29/428 kBProgress (4): 479/810 kB | 0.6/2.7 MB | 86 kB | 33/428 kBProgress (4): 479/810 kB | 0.6/2.7 MB | 86 kB | 33/428 kBProgress (4): 479/810 kB | 0.6/2.7 MB | 86 kB | 37/428 kBProgress (4): 479/810 kB | 0.6/2.7 MB | 86 kB | 41/428 kBProgress (4): 479/810 kB | 0.6/2.7 MB | 86 kB | 45/428 kBProgress (4): 479/810 kB | 0.6/2.7 MB | 86 kB | 49/428 kBProgress (4): 483/810 kB | 0.6/2.7 MB | 86 kB | 49/428 kBProgress (4): 487/810 kB | 0.6/2.7 MB | 86 kB | 49/428 kBProgress (4): 487/810 kB | 0.6/2.7 MB | 86 kB | 53/428 kBProgress (4): 487/810 kB | 0.6/2.7 MB | 86 kB | 57/428 kBProgress (4): 487/810 kB | 0.6/2.7 MB | 86 kB | 61/428 kBProgress (4): 487/810 kB | 0.6/2.7 MB | 86 kB | 61/428 kBProgress (4): 491/810 kB | 0.6/2.7 MB | 86 kB | 61/428 kBProgress (4): 495/810 kB | 0.6/2.7 MB | 86 kB | 61/428 kBProgress (4): 495/810 kB | 0.6/2.7 MB | 86 kB | 66/428 kBProgress (4): 495/810 kB | 0.6/2.7 MB | 86 kB | 66/428 kBProgress (4): 499/810 kB | 0.6/2.7 MB | 86 kB | 66/428 kBProgress (4): 504/810 kB | 0.6/2.7 MB | 86 kB | 66/428 kBProgress (4): 508/810 kB | 0.6/2.7 MB | 86 kB | 66/428 kBProgress (4): 512/810 kB | 0.6/2.7 MB | 86 kB | 66/428 kBProgress (4): 516/810 kB | 0.6/2.7 MB | 86 kB | 66/428 kBProgress (4): 520/810 kB | 0.6/2.7 MB | 86 kB | 66/428 kBProgress (4): 520/810 kB | 0.6/2.7 MB | 86 kB | 70/428 kBProgress (4): 520/810 kB | 0.6/2.7 MB | 86 kB | 74/428 kBProgress (4): 520/810 kB | 0.6/2.7 MB | 86 kB | 78/428 kBProgress (4): 520/810 kB | 0.6/2.7 MB | 86 kB | 82/428 kB                                                         Downloaded from central: https://repo.maven.apache.org/maven2/com/squareup/okio/okio/1.14.0/okio-1.14.0.jar (86 kB at 33 kB/s)
Progress (3): 520/810 kB | 0.7/2.7 MB | 82/428 kBProgress (3): 524/810 kB | 0.7/2.7 MB | 82/428 kBProgress (3): 524/810 kB | 0.7/2.7 MB | 86/428 kBProgress (3): 524/810 kB | 0.7/2.7 MB | 90/428 kBProgress (3): 524/810 kB | 0.7/2.7 MB | 94/428 kBProgress (3): 524/810 kB | 0.7/2.7 MB | 98/428 kBProgress (3): 528/810 kB | 0.7/2.7 MB | 98/428 kBProgress (3): 528/810 kB | 0.7/2.7 MB | 98/428 kBProgress (3): 528/810 kB | 0.7/2.7 MB | 98/428 kBProgress (3): 528/810 kB | 0.7/2.7 MB | 102/428 kBProgress (3): 528/810 kB | 0.7/2.7 MB | 106/428 kBProgress (3): 528/810 kB | 0.7/2.7 MB | 111/428 kBProgress (3): 532/810 kB | 0.7/2.7 MB | 111/428 kBProgress (3): 536/810 kB | 0.7/2.7 MB | 111/428 kBProgress (3): 536/810 kB | 0.7/2.7 MB | 115/428 kBProgress (3): 536/810 kB | 0.7/2.7 MB | 115/428 kBProgress (3): 536/810 kB | 0.7/2.7 MB | 119/428 kBProgress (3): 536/810 kB | 0.7/2.7 MB | 123/428 kBProgress (3): 536/810 kB | 0.7/2.7 MB | 127/428 kBProgress (3): 536/810 kB | 0.7/2.7 MB | 131/428 kBProgress (3): 540/810 kB | 0.7/2.7 MB | 131/428 kBProgress (3): 544/810 kB | 0.7/2.7 MB | 131/428 kBProgress (3): 544/810 kB | 0.7/2.7 MB | 131/428 kBProgress (3): 544/810 kB | 0.7/2.7 MB | 135/428 kBProgress (3): 544/810 kB | 0.7/2.7 MB | 139/428 kBProgress (3): 544/810 kB | 0.7/2.7 MB | 143/428 kBProgress (3): 544/810 kB | 0.7/2.7 MB | 147/428 kBProgress (3): 549/810 kB | 0.7/2.7 MB | 147/428 kBProgress (3): 549/810 kB | 0.7/2.7 MB | 152/428 kBProgress (3): 553/810 kB | 0.7/2.7 MB | 152/428 kBProgress (3): 557/810 kB | 0.7/2.7 MB | 152/428 kBProgress (3): 557/810 kB | 0.7/2.7 MB | 156/428 kBProgress (3): 561/810 kB | 0.7/2.7 MB | 156/428 kBProgress (3): 561/810 kB | 0.7/2.7 MB | 156/428 kBProgress (3): 561/810 kB | 0.7/2.7 MB | 160/428 kBProgress (3): 561/810 kB | 0.7/2.7 MB | 164/428 kBProgress (3): 561/810 kB | 0.7/2.7 MB | 168/428 kBProgress (3): 561/810 kB | 0.7/2.7 MB | 172/428 kBProgress (3): 561/810 kB | 0.7/2.7 MB | 176/428 kBProgress (3): 561/810 kB | 0.7/2.7 MB | 180/428 kBProgress (3): 561/810 kB | 0.8/2.7 MB | 180/428 kBProgress (3): 561/810 kB | 0.8/2.7 MB | 184/428 kBProgress (3): 561/810 kB | 0.8/2.7 MB | 188/428 kBProgress (3): 561/810 kB | 0.8/2.7 MB | 193/428 kBProgress (3): 561/810 kB | 0.8/2.7 MB | 197/428 kBProgress (3): 561/810 kB | 0.8/2.7 MB | 197/428 kBProgress (3): 561/810 kB | 0.8/2.7 MB | 197/428 kBProgress (3): 561/810 kB | 0.8/2.7 MB | 197/428 kBProgress (3): 565/810 kB | 0.8/2.7 MB | 197/428 kBProgress (3): 569/810 kB | 0.8/2.7 MB | 197/428 kBProgress (3): 569/810 kB | 0.8/2.7 MB | 201/428 kBProgress (3): 569/810 kB | 0.8/2.7 MB | 205/428 kBProgress (3): 569/810 kB | 0.8/2.7 MB | 209/428 kBProgress (3): 569/810 kB | 0.8/2.7 MB | 213/428 kBProgress (3): 569/810 kB | 0.8/2.7 MB | 217/428 kBProgress (3): 569/810 kB | 0.8/2.7 MB | 221/428 kBProgress (3): 569/810 kB | 0.8/2.7 MB | 225/428 kBProgress (3): 569/810 kB | 0.8/2.7 MB | 229/428 kBProgress (3): 573/810 kB | 0.8/2.7 MB | 229/428 kBProgress (3): 573/810 kB | 0.8/2.7 MB | 229/428 kBProgress (3): 573/810 kB | 0.8/2.7 MB | 233/428 kBProgress (3): 573/810 kB | 0.8/2.7 MB | 238/428 kBProgress (3): 573/810 kB | 0.8/2.7 MB | 242/428 kBProgress (3): 573/810 kB | 0.8/2.7 MB | 242/428 kBProgress (3): 577/810 kB | 0.8/2.7 MB | 242/428 kBProgress (3): 581/810 kB | 0.8/2.7 MB | 242/428 kBProgress (3): 581/810 kB | 0.8/2.7 MB | 246/428 kBProgress (3): 585/810 kB | 0.8/2.7 MB | 246/428 kBProgress (3): 585/810 kB | 0.9/2.7 MB | 246/428 kBProgress (3): 585/810 kB | 0.9/2.7 MB | 250/428 kBProgress (3): 585/810 kB | 0.9/2.7 MB | 254/428 kBProgress (3): 585/810 kB | 0.9/2.7 MB | 258/428 kBProgress (3): 585/810 kB | 0.9/2.7 MB | 262/428 kBProgress (3): 585/810 kB | 0.9/2.7 MB | 266/428 kBProgress (3): 585/810 kB | 0.9/2.7 MB | 270/428 kBProgress (3): 585/810 kB | 0.9/2.7 MB | 270/428 kBProgress (3): 585/810 kB | 0.9/2.7 MB | 274/428 kBProgress (3): 585/810 kB | 0.9/2.7 MB | 279/428 kBProgress (3): 585/810 kB | 0.9/2.7 MB | 283/428 kBProgress (3): 585/810 kB | 0.9/2.7 MB | 287/428 kBProgress (3): 585/810 kB | 0.9/2.7 MB | 291/428 kBProgress (3): 585/810 kB | 0.9/2.7 MB | 295/428 kBProgress (3): 585/810 kB | 0.9/2.7 MB | 295/428 kBProgress (3): 585/810 kB | 0.9/2.7 MB | 299/428 kBProgress (3): 585/810 kB | 0.9/2.7 MB | 299/428 kBProgress (3): 590/810 kB | 0.9/2.7 MB | 299/428 kBProgress (3): 590/810 kB | 0.9/2.7 MB | 303/428 kBProgress (3): 590/810 kB | 0.9/2.7 MB | 307/428 kBProgress (3): 590/810 kB | 0.9/2.7 MB | 311/428 kBProgress (3): 594/810 kB | 0.9/2.7 MB | 311/428 kBProgress (3): 598/810 kB | 0.9/2.7 MB | 311/428 kBProgress (3): 598/810 kB | 0.9/2.7 MB | 315/428 kBProgress (3): 598/810 kB | 0.9/2.7 MB | 319/428 kBProgress (3): 598/810 kB | 0.9/2.7 MB | 324/428 kBProgress (3): 598/810 kB | 0.9/2.7 MB | 328/428 kBProgress (3): 598/810 kB | 0.9/2.7 MB | 328/428 kBProgress (3): 598/810 kB | 0.9/2.7 MB | 328/428 kBProgress (3): 598/810 kB | 1.0/2.7 MB | 328/428 kBProgress (3): 598/810 kB | 1.0/2.7 MB | 332/428 kBProgress (3): 598/810 kB | 1.0/2.7 MB | 336/428 kBProgress (3): 602/810 kB | 1.0/2.7 MB | 336/428 kBProgress (3): 602/810 kB | 1.0/2.7 MB | 340/428 kBProgress (3): 602/810 kB | 1.0/2.7 MB | 344/428 kBProgress (3): 606/810 kB | 1.0/2.7 MB | 344/428 kBProgress (3): 610/810 kB | 1.0/2.7 MB | 344/428 kBProgress (3): 610/810 kB | 1.0/2.7 MB | 344/428 kBProgress (3): 614/810 kB | 1.0/2.7 MB | 344/428 kBProgress (3): 618/810 kB | 1.0/2.7 MB | 344/428 kBProgress (3): 618/810 kB | 1.0/2.7 MB | 348/428 kBProgress (3): 618/810 kB | 1.0/2.7 MB | 348/428 kBProgress (3): 618/810 kB | 1.0/2.7 MB | 352/428 kBProgress (3): 622/810 kB | 1.0/2.7 MB | 352/428 kBProgress (3): 622/810 kB | 1.0/2.7 MB | 356/428 kBProgress (3): 622/810 kB | 1.0/2.7 MB | 356/428 kBProgress (3): 626/810 kB | 1.0/2.7 MB | 356/428 kBProgress (3): 630/810 kB | 1.0/2.7 MB | 356/428 kBProgress (3): 635/810 kB | 1.0/2.7 MB | 356/428 kBProgress (3): 635/810 kB | 1.0/2.7 MB | 360/428 kBProgress (3): 635/810 kB | 1.0/2.7 MB | 360/428 kBProgress (3): 639/810 kB | 1.0/2.7 MB | 360/428 kBProgress (3): 643/810 kB | 1.0/2.7 MB | 360/428 kBProgress (3): 647/810 kB | 1.0/2.7 MB | 360/428 kBProgress (3): 651/810 kB | 1.0/2.7 MB | 360/428 kBProgress (3): 655/810 kB | 1.0/2.7 MB | 360/428 kBProgress (3): 657/810 kB | 1.0/2.7 MB | 360/428 kBProgress (3): 657/810 kB | 1.0/2.7 MB | 365/428 kBProgress (3): 661/810 kB | 1.0/2.7 MB | 365/428 kBProgress (3): 661/810 kB | 1.0/2.7 MB | 365/428 kBProgress (3): 661/810 kB | 1.0/2.7 MB | 369/428 kBProgress (3): 661/810 kB | 1.0/2.7 MB | 373/428 kBProgress (3): 661/810 kB | 1.0/2.7 MB | 377/428 kBProgress (3): 661/810 kB | 1.0/2.7 MB | 377/428 kBProgress (3): 665/810 kB | 1.0/2.7 MB | 377/428 kBProgress (3): 665/810 kB | 1.0/2.7 MB | 381/428 kBProgress (3): 665/810 kB | 1.1/2.7 MB | 381/428 kBProgress (3): 670/810 kB | 1.1/2.7 MB | 381/428 kBProgress (3): 674/810 kB | 1.1/2.7 MB | 381/428 kBProgress (3): 678/810 kB | 1.1/2.7 MB | 381/428 kBProgress (3): 682/810 kB | 1.1/2.7 MB | 381/428 kBProgress (3): 682/810 kB | 1.1/2.7 MB | 385/428 kBProgress (3): 682/810 kB | 1.1/2.7 MB | 389/428 kBProgress (3): 682/810 kB | 1.1/2.7 MB | 393/428 kBProgress (3): 682/810 kB | 1.1/2.7 MB | 397/428 kBProgress (3): 682/810 kB | 1.1/2.7 MB | 397/428 kBProgress (3): 686/810 kB | 1.1/2.7 MB | 397/428 kBProgress (3): 690/810 kB | 1.1/2.7 MB | 397/428 kBProgress (3): 694/810 kB | 1.1/2.7 MB | 397/428 kBProgress (3): 698/810 kB | 1.1/2.7 MB | 397/428 kBProgress (3): 702/810 kB | 1.1/2.7 MB | 397/428 kBProgress (3): 706/810 kB | 1.1/2.7 MB | 397/428 kBProgress (3): 706/810 kB | 1.1/2.7 MB | 401/428 kBProgress (3): 706/810 kB | 1.1/2.7 MB | 401/428 kBProgress (3): 710/810 kB | 1.1/2.7 MB | 401/428 kBProgress (3): 715/810 kB | 1.1/2.7 MB | 401/428 kBProgress (3): 715/810 kB | 1.1/2.7 MB | 406/428 kBProgress (3): 715/810 kB | 1.1/2.7 MB | 410/428 kBProgress (3): 719/810 kB | 1.1/2.7 MB | 410/428 kBProgress (3): 723/810 kB | 1.1/2.7 MB | 410/428 kBProgress (3): 723/810 kB | 1.1/2.7 MB | 414/428 kBProgress (3): 723/810 kB | 1.1/2.7 MB | 418/428 kBProgress (3): 723/810 kB | 1.1/2.7 MB | 422/428 kBProgress (3): 723/810 kB | 1.1/2.7 MB | 422/428 kBProgress (3): 727/810 kB | 1.1/2.7 MB | 422/428 kBProgress (3): 731/810 kB | 1.1/2.7 MB | 422/428 kBProgress (3): 735/810 kB | 1.1/2.7 MB | 422/428 kBProgress (3): 739/810 kB | 1.1/2.7 MB | 422/428 kBProgress (3): 743/810 kB | 1.1/2.7 MB | 422/428 kBProgress (3): 743/810 kB | 1.1/2.7 MB | 422/428 kBProgress (3): 747/810 kB | 1.1/2.7 MB | 422/428 kBProgress (3): 751/810 kB | 1.1/2.7 MB | 422/428 kBProgress (3): 756/810 kB | 1.1/2.7 MB | 422/428 kBProgress (3): 756/810 kB | 1.1/2.7 MB | 426/428 kBProgress (3): 756/810 kB | 1.1/2.7 MB | 428 kB    Progress (3): 760/810 kB | 1.1/2.7 MB | 428 kBProgress (3): 764/810 kB | 1.1/2.7 MB | 428 kBProgress (3): 768/810 kB | 1.1/2.7 MB | 428 kBProgress (3): 768/810 kB | 1.1/2.7 MB | 428 kBProgress (3): 772/810 kB | 1.1/2.7 MB | 428 kBProgress (3): 772/810 kB | 1.2/2.7 MB | 428 kBProgress (3): 776/810 kB | 1.2/2.7 MB | 428 kBProgress (3): 780/810 kB | 1.2/2.7 MB | 428 kBProgress (3): 784/810 kB | 1.2/2.7 MB | 428 kBProgress (3): 788/810 kB | 1.2/2.7 MB | 428 kBProgress (3): 788/810 kB | 1.2/2.7 MB | 428 kB                                              Downloaded from central: https://repo.maven.apache.org/maven2/com/squareup/okhttp3/okhttp/3.14.6/okhttp-3.14.6.jar (428 kB at 129 kB/s)
Progress (2): 792/810 kB | 1.2/2.7 MBProgress (2): 797/810 kB | 1.2/2.7 MBProgress (2): 797/810 kB | 1.2/2.7 MBProgress (2): 801/810 kB | 1.2/2.7 MBProgress (2): 805/810 kB | 1.2/2.7 MBProgress (2): 809/810 kB | 1.2/2.7 MBProgress (2): 810 kB | 1.2/2.7 MB    Progress (2): 810 kB | 1.2/2.7 MBProgress (2): 810 kB | 1.2/2.7 MBProgress (2): 810 kB | 1.2/2.7 MBProgress (2): 810 kB | 1.3/2.7 MBProgress (2): 810 kB | 1.3/2.7 MBProgress (2): 810 kB | 1.3/2.7 MBProgress (2): 810 kB | 1.3/2.7 MBProgress (2): 810 kB | 1.3/2.7 MBProgress (2): 810 kB | 1.3/2.7 MBProgress (2): 810 kB | 1.4/2.7 MBProgress (2): 810 kB | 1.4/2.7 MBProgress (2): 810 kB | 1.4/2.7 MBProgress (2): 810 kB | 1.4/2.7 MBProgress (2): 810 kB | 1.4/2.7 MBProgress (2): 810 kB | 1.4/2.7 MBProgress (2): 810 kB | 1.5/2.7 MBProgress (2): 810 kB | 1.5/2.7 MB                                 Downloaded from central: https://repo.maven.apache.org/maven2/org/seleniumhq/selenium/selenium-firefox-driver/3.141.59/selenium-firefox-driver-3.141.59.jar (810 kB at 234 kB/s)
Progress (1): 1.5/2.7 MBProgress (1): 1.5/2.7 MBProgress (1): 1.5/2.7 MBProgress (1): 1.5/2.7 MBProgress (1): 1.6/2.7 MBProgress (1): 1.6/2.7 MBProgress (1): 1.6/2.7 MBProgress (1): 1.6/2.7 MBProgress (1): 1.6/2.7 MBProgress (1): 1.6/2.7 MBProgress (1): 1.7/2.7 MBProgress (1): 1.7/2.7 MBProgress (1): 1.7/2.7 MBProgress (1): 1.7/2.7 MBProgress (1): 1.7/2.7 MBProgress (1): 1.7/2.7 MBProgress (1): 1.8/2.7 MBProgress (1): 1.8/2.7 MBProgress (1): 1.8/2.7 MBProgress (1): 1.8/2.7 MBProgress (1): 1.8/2.7 MBProgress (1): 1.8/2.7 MBProgress (1): 1.9/2.7 MBProgress (1): 1.9/2.7 MBProgress (1): 1.9/2.7 MBProgress (1): 1.9/2.7 MBProgress (1): 1.9/2.7 MBProgress (1): 1.9/2.7 MBProgress (1): 1.9/2.7 MBProgress (1): 2.0/2.7 MBProgress (1): 2.0/2.7 MBProgress (1): 2.0/2.7 MBProgress (1): 2.0/2.7 MBProgress (1): 2.0/2.7 MBProgress (1): 2.0/2.7 MBProgress (1): 2.1/2.7 MBProgress (1): 2.1/2.7 MBProgress (1): 2.1/2.7 MBProgress (1): 2.1/2.7 MBProgress (1): 2.1/2.7 MBProgress (1): 2.1/2.7 MBProgress (1): 2.2/2.7 MBProgress (1): 2.2/2.7 MBProgress (1): 2.2/2.7 MBProgress (1): 2.2/2.7 MBProgress (1): 2.2/2.7 MBProgress (1): 2.2/2.7 MBProgress (1): 2.3/2.7 MBProgress (1): 2.3/2.7 MBProgress (1): 2.3/2.7 MBProgress (1): 2.3/2.7 MBProgress (1): 2.3/2.7 MBProgress (1): 2.3/2.7 MBProgress (1): 2.4/2.7 MBProgress (1): 2.4/2.7 MBProgress (1): 2.4/2.7 MBProgress (1): 2.4/2.7 MBProgress (1): 2.4/2.7 MBProgress (1): 2.4/2.7 MBProgress (1): 2.5/2.7 MBProgress (1): 2.5/2.7 MBProgress (1): 2.5/2.7 MBProgress (1): 2.5/2.7 MBProgress (1): 2.5/2.7 MBProgress (1): 2.5/2.7 MBProgress (1): 2.6/2.7 MBProgress (1): 2.6/2.7 MBProgress (1): 2.6/2.7 MBProgress (1): 2.6/2.7 MBProgress (1): 2.6/2.7 MBProgress (1): 2.6/2.7 MBProgress (1): 2.7/2.7 MBProgress (1): 2.7/2.7 MBProgress (1): 2.7/2.7 MBProgress (1): 2.7/2.7 MBProgress (1): 2.7/2.7 MBProgress (1): 2.7/2.7 MBProgress (1): 2.7 MB                        Downloaded from central: https://repo.maven.apache.org/maven2/com/google/guava/guava/25.0-jre/guava-25.0-jre.jar (2.7 MB at 679 kB/s)
[INFO] 
[8mha:////4BqvIjn2+t3eBVnrxvSE4PjSu9d98vKdU+VbyFjRlw2dAAAAYB+LCAAAAAAAAP9b85aBtbiIQSmjNKU4P0+vJLE4u1gvPjexLDVPzxdEGvvmZ+X75Zek2mxOX+vh68DGxMBQUcQgBdWQnJ9XnJ+TqucMoUEKGSCAEaSwAAAn9LoiYAAAAA==[0m[INFO] --- maven-resources-plugin:3.1.0:resources (default-resources) @ panda ---
[INFO] Using 'UTF-8' encoding to copy filtered resources.
[INFO] Copying 1 resource
[INFO] Copying 4 resources
[INFO] 
[8mha:////4BqvIjn2+t3eBVnrxvSE4PjSu9d98vKdU+VbyFjRlw2dAAAAYB+LCAAAAAAAAP9b85aBtbiIQSmjNKU4P0+vJLE4u1gvPjexLDVPzxdEGvvmZ+X75Zek2mxOX+vh68DGxMBQUcQgBdWQnJ9XnJ+TqucMoUEKGSCAEaSwAAAn9LoiYAAAAA==[0m[INFO] --- maven-compiler-plugin:3.8.1:compile (default-compile) @ panda ---
[INFO] Changes detected - recompiling the module!
[INFO] Compiling 2 source files to /home/jenkins/workspace/CodePull/target/classes
[INFO] 
[8mha:////4BqvIjn2+t3eBVnrxvSE4PjSu9d98vKdU+VbyFjRlw2dAAAAYB+LCAAAAAAAAP9b85aBtbiIQSmjNKU4P0+vJLE4u1gvPjexLDVPzxdEGvvmZ+X75Zek2mxOX+vh68DGxMBQUcQgBdWQnJ9XnJ+TqucMoUEKGSCAEaSwAAAn9LoiYAAAAA==[0m[INFO] --- maven-resources-plugin:3.1.0:testResources (default-testResources) @ panda ---
[INFO] Using 'UTF-8' encoding to copy filtered resources.
[INFO] skip non existing resourceDirectory /home/jenkins/workspace/CodePull/src/test/resources
[INFO] 
[8mha:////4BqvIjn2+t3eBVnrxvSE4PjSu9d98vKdU+VbyFjRlw2dAAAAYB+LCAAAAAAAAP9b85aBtbiIQSmjNKU4P0+vJLE4u1gvPjexLDVPzxdEGvvmZ+X75Zek2mxOX+vh68DGxMBQUcQgBdWQnJ9XnJ+TqucMoUEKGSCAEaSwAAAn9LoiYAAAAA==[0m[INFO] --- maven-compiler-plugin:3.8.1:testCompile (default-testCompile) @ panda ---
[INFO] Changes detected - recompiling the module!
[INFO] Compiling 3 source files to /home/jenkins/workspace/CodePull/target/test-classes
[INFO] 
[8mha:////4BqvIjn2+t3eBVnrxvSE4PjSu9d98vKdU+VbyFjRlw2dAAAAYB+LCAAAAAAAAP9b85aBtbiIQSmjNKU4P0+vJLE4u1gvPjexLDVPzxdEGvvmZ+X75Zek2mxOX+vh68DGxMBQUcQgBdWQnJ9XnJ+TqucMoUEKGSCAEaSwAAAn9LoiYAAAAA==[0m[INFO] --- maven-surefire-plugin:2.19.1:test (default-test) @ panda ---
Downloading from central: https://repo.maven.apache.org/maven2/org/junit/platform/junit-platform-surefire-provider/1.1.0/junit-platform-surefire-provider-1.1.0.pom
Progress (1): 2.7 kB                    Downloaded from central: https://repo.maven.apache.org/maven2/org/junit/platform/junit-platform-surefire-provider/1.1.0/junit-platform-surefire-provider-1.1.0.pom (2.7 kB at 23 kB/s)
Downloading from central: https://repo.maven.apache.org/maven2/org/junit/platform/junit-platform-launcher/1.1.0/junit-platform-launcher-1.1.0.pom
Progress (1): 2.2 kB                    Downloaded from central: https://repo.maven.apache.org/maven2/org/junit/platform/junit-platform-launcher/1.1.0/junit-platform-launcher-1.1.0.pom (2.2 kB at 19 kB/s)
Downloading from central: https://repo.maven.apache.org/maven2/org/junit/platform/junit-platform-engine/1.1.0/junit-platform-engine-1.1.0.pom
Progress (1): 2.4 kB                    Downloaded from central: https://repo.maven.apache.org/maven2/org/junit/platform/junit-platform-engine/1.1.0/junit-platform-engine-1.1.0.pom (2.4 kB at 14 kB/s)
Downloading from central: https://repo.maven.apache.org/maven2/org/junit/platform/junit-platform-commons/1.1.0/junit-platform-commons-1.1.0.pom
Progress (1): 2.0 kB                    Downloaded from central: https://repo.maven.apache.org/maven2/org/junit/platform/junit-platform-commons/1.1.0/junit-platform-commons-1.1.0.pom (2.0 kB at 21 kB/s)
Downloading from central: https://repo.maven.apache.org/maven2/org/opentest4j/opentest4j/1.0.0/opentest4j-1.0.0.pom
Progress (1): 1.7 kB                    Downloaded from central: https://repo.maven.apache.org/maven2/org/opentest4j/opentest4j/1.0.0/opentest4j-1.0.0.pom (1.7 kB at 14 kB/s)
Downloading from central: https://repo.maven.apache.org/maven2/org/apache/maven/surefire/surefire-api/2.19.1/surefire-api-2.19.1.pom
Progress (1): 3.5 kB                    Downloaded from central: https://repo.maven.apache.org/maven2/org/apache/maven/surefire/surefire-api/2.19.1/surefire-api-2.19.1.pom (3.5 kB at 38 kB/s)
Downloading from central: https://repo.maven.apache.org/maven2/org/apache/maven/surefire/common-java5/2.19.1/common-java5-2.19.1.pom
Progress (1): 2.7 kB                    Downloaded from central: https://repo.maven.apache.org/maven2/org/apache/maven/surefire/common-java5/2.19.1/common-java5-2.19.1.pom (2.7 kB at 27 kB/s)
Downloading from central: https://repo.maven.apache.org/maven2/org/apache/maven/surefire/surefire-providers/2.19.1/surefire-providers-2.19.1.pom
Progress (1): 2.6 kB                    Downloaded from central: https://repo.maven.apache.org/maven2/org/apache/maven/surefire/surefire-providers/2.19.1/surefire-providers-2.19.1.pom (2.6 kB at 26 kB/s)
Downloading from central: https://repo.maven.apache.org/maven2/org/apache/maven/surefire/maven-surefire-common/2.19.1/maven-surefire-common-2.19.1.pom
Progress (1): 4.1/7.3 kBProgress (1): 7.3 kB                        Downloaded from central: https://repo.maven.apache.org/maven2/org/apache/maven/surefire/maven-surefire-common/2.19.1/maven-surefire-common-2.19.1.pom (7.3 kB at 74 kB/s)
Downloading from central: https://repo.maven.apache.org/maven2/org/apache/maven/plugin-tools/maven-plugin-annotations/3.3/maven-plugin-annotations-3.3.pom
Progress (1): 1.6 kB                    Downloaded from central: https://repo.maven.apache.org/maven2/org/apache/maven/plugin-tools/maven-plugin-annotations/3.3/maven-plugin-annotations-3.3.pom (1.6 kB at 15 kB/s)
Downloading from central: https://repo.maven.apache.org/maven2/org/apache/maven/plugin-tools/maven-plugin-tools/3.3/maven-plugin-tools-3.3.pom
Progress (1): 4.1/13 kBProgress (1): 8.2/13 kBProgress (1): 12/13 kB Progress (1): 13 kB                      Downloaded from central: https://repo.maven.apache.org/maven2/org/apache/maven/plugin-tools/maven-plugin-tools/3.3/maven-plugin-tools-3.3.pom (13 kB at 115 kB/s)
Downloading from central: https://repo.maven.apache.org/maven2/org/apache/maven/surefire/surefire-booter/2.19.1/surefire-booter-2.19.1.pom
Progress (1): 3.2 kB                    Downloaded from central: https://repo.maven.apache.org/maven2/org/apache/maven/surefire/surefire-booter/2.19.1/surefire-booter-2.19.1.pom (3.2 kB at 32 kB/s)
Downloading from central: https://repo.maven.apache.org/maven2/org/apache/commons/commons-lang3/3.1/commons-lang3-3.1.pom
Progress (1): 4.1/17 kBProgress (1): 8.2/17 kBProgress (1): 12/17 kB Progress (1): 16/17 kBProgress (1): 17 kB                      Downloaded from central: https://repo.maven.apache.org/maven2/org/apache/commons/commons-lang3/3.1/commons-lang3-3.1.pom (17 kB at 87 kB/s)
Downloading from central: https://repo.maven.apache.org/maven2/org/junit/platform/junit-platform-launcher/1.1.0/junit-platform-launcher-1.1.0.jar
Downloading from central: https://repo.maven.apache.org/maven2/org/junit/platform/junit-platform-engine/1.1.0/junit-platform-engine-1.1.0.jar
Downloading from central: https://repo.maven.apache.org/maven2/org/junit/platform/junit-platform-surefire-provider/1.1.0/junit-platform-surefire-provider-1.1.0.jar
Downloading from central: https://repo.maven.apache.org/maven2/org/junit/platform/junit-platform-commons/1.1.0/junit-platform-commons-1.1.0.jar
Downloading from central: https://repo.maven.apache.org/maven2/org/opentest4j/opentest4j/1.0.0/opentest4j-1.0.0.jar
Progress (1): 4.1/80 kBProgress (1): 8.2/80 kBProgress (2): 8.2/80 kB | 4.1/90 kBProgress (2): 12/80 kB | 4.1/90 kB Progress (2): 16/80 kB | 4.1/90 kBProgress (2): 20/80 kB | 4.1/90 kBProgress (2): 25/80 kB | 4.1/90 kBProgress (2): 29/80 kB | 4.1/90 kBProgress (2): 33/80 kB | 4.1/90 kBProgress (3): 33/80 kB | 4.1/90 kB | 4.1/18 kBProgress (3): 37/80 kB | 4.1/90 kB | 4.1/18 kBProgress (4): 37/80 kB | 4.1/90 kB | 4.1/18 kB | 4.1/6.6 kBProgress (4): 37/80 kB | 4.1/90 kB | 4.1/18 kB | 6.6 kB    Progress (4): 37/80 kB | 8.2/90 kB | 4.1/18 kB | 6.6 kBProgress (4): 37/80 kB | 12/90 kB | 4.1/18 kB | 6.6 kB Progress (5): 37/80 kB | 12/90 kB | 4.1/18 kB | 6.6 kB | 4.1/77 kBProgress (5): 37/80 kB | 12/90 kB | 4.1/18 kB | 6.6 kB | 8.2/77 kBProgress (5): 41/80 kB | 12/90 kB | 4.1/18 kB | 6.6 kB | 8.2/77 kBProgress (5): 45/80 kB | 12/90 kB | 4.1/18 kB | 6.6 kB | 8.2/77 kBProgress (5): 45/80 kB | 16/90 kB | 4.1/18 kB | 6.6 kB | 8.2/77 kBProgress (5): 49/80 kB | 16/90 kB | 4.1/18 kB | 6.6 kB | 8.2/77 kBProgress (5): 49/80 kB | 20/90 kB | 4.1/18 kB | 6.6 kB | 8.2/77 kBProgress (5): 49/80 kB | 25/90 kB | 4.1/18 kB | 6.6 kB | 8.2/77 kBProgress (5): 49/80 kB | 29/90 kB | 4.1/18 kB | 6.6 kB | 8.2/77 kBProgress (5): 49/80 kB | 29/90 kB | 8.2/18 kB | 6.6 kB | 8.2/77 kBProgress (5): 49/80 kB | 29/90 kB | 12/18 kB | 6.6 kB | 8.2/77 kB Progress (5): 49/80 kB | 29/90 kB | 16/18 kB | 6.6 kB | 8.2/77 kBProgress (5): 49/80 kB | 33/90 kB | 16/18 kB | 6.6 kB | 8.2/77 kBProgress (5): 53/80 kB | 33/90 kB | 16/18 kB | 6.6 kB | 8.2/77 kBProgress (5): 53/80 kB | 33/90 kB | 16/18 kB | 6.6 kB | 12/77 kB Progress (5): 57/80 kB | 33/90 kB | 16/18 kB | 6.6 kB | 12/77 kBProgress (5): 57/80 kB | 33/90 kB | 18 kB | 6.6 kB | 12/77 kB   Progress (5): 57/80 kB | 37/90 kB | 18 kB | 6.6 kB | 12/77 kB                                                             Downloaded from central: https://repo.maven.apache.org/maven2/org/opentest4j/opentest4j/1.0.0/opentest4j-1.0.0.jar (6.6 kB at 37 kB/s)
Progress (4): 57/80 kB | 41/90 kB | 18 kB | 12/77 kBProgress (4): 57/80 kB | 41/90 kB | 18 kB | 16/77 kB                                                    Downloading from central: https://repo.maven.apache.org/maven2/org/apache/maven/surefire/common-java5/2.19.1/common-java5-2.19.1.jar
Progress (4): 57/80 kB | 41/90 kB | 18 kB | 20/77 kBProgress (4): 57/80 kB | 45/90 kB | 18 kB | 20/77 kBProgress (4): 61/80 kB | 45/90 kB | 18 kB | 20/77 kBProgress (4): 61/80 kB | 45/90 kB | 18 kB | 25/77 kBProgress (4): 61/80 kB | 45/90 kB | 18 kB | 29/77 kBProgress (4): 61/80 kB | 45/90 kB | 18 kB | 33/77 kBProgress (4): 66/80 kB | 45/90 kB | 18 kB | 33/77 kBProgress (4): 66/80 kB | 49/90 kB | 18 kB | 33/77 kBProgress (4): 70/80 kB | 49/90 kB | 18 kB | 33/77 kBProgress (4): 74/80 kB | 49/90 kB | 18 kB | 33/77 kBProgress (4): 78/80 kB | 49/90 kB | 18 kB | 33/77 kBProgress (4): 80 kB | 49/90 kB | 18 kB | 33/77 kB   Progress (4): 80 kB | 53/90 kB | 18 kB | 33/77 kBProgress (4): 80 kB | 57/90 kB | 18 kB | 33/77 kBProgress (4): 80 kB | 61/90 kB | 18 kB | 33/77 kBProgress (4): 80 kB | 61/90 kB | 18 kB | 37/77 kBProgress (4): 80 kB | 61/90 kB | 18 kB | 41/77 kBProgress (4): 80 kB | 61/90 kB | 18 kB | 45/77 kBProgress (4): 80 kB | 66/90 kB | 18 kB | 45/77 kBProgress (4): 80 kB | 66/90 kB | 18 kB | 49/77 kBProgress (4): 80 kB | 66/90 kB | 18 kB | 53/77 kBProgress (4): 80 kB | 66/90 kB | 18 kB | 57/77 kBProgress (4): 80 kB | 66/90 kB | 18 kB | 61/77 kBProgress (4): 80 kB | 66/90 kB | 18 kB | 66/77 kBProgress (4): 80 kB | 70/90 kB | 18 kB | 66/77 kBProgress (4): 80 kB | 74/90 kB | 18 kB | 66/77 kBProgress (4): 80 kB | 74/90 kB | 18 kB | 70/77 kBProgress (4): 80 kB | 74/90 kB | 18 kB | 74/77 kBProgress (4): 80 kB | 74/90 kB | 18 kB | 77 kB   Progress (4): 80 kB | 78/90 kB | 18 kB | 77 kBProgress (4): 80 kB | 82/90 kB | 18 kB | 77 kBProgress (5): 80 kB | 82/90 kB | 18 kB | 77 kB | 4.1/44 kBProgress (5): 80 kB | 82/90 kB | 18 kB | 77 kB | 8.2/44 kBProgress (5): 80 kB | 82/90 kB | 18 kB | 77 kB | 12/44 kB Progress (5): 80 kB | 82/90 kB | 18 kB | 77 kB | 16/44 kBProgress (5): 80 kB | 82/90 kB | 18 kB | 77 kB | 20/44 kBProgress (5): 80 kB | 82/90 kB | 18 kB | 77 kB | 25/44 kBProgress (5): 80 kB | 82/90 kB | 18 kB | 77 kB | 29/44 kBProgress (5): 80 kB | 82/90 kB | 18 kB | 77 kB | 33/44 kBProgress (5): 80 kB | 82/90 kB | 18 kB | 77 kB | 37/44 kBProgress (5): 80 kB | 82/90 kB | 18 kB | 77 kB | 41/44 kBProgress (5): 80 kB | 82/90 kB | 18 kB | 77 kB | 44 kB   Progress (5): 80 kB | 86/90 kB | 18 kB | 77 kB | 44 kBProgress (5): 80 kB | 90/90 kB | 18 kB | 77 kB | 44 kBProgress (5): 80 kB | 90 kB | 18 kB | 77 kB | 44 kB                                                      Downloaded from central: https://repo.maven.apache.org/maven2/org/junit/platform/junit-platform-surefire-provider/1.1.0/junit-platform-surefire-provider-1.1.0.jar (18 kB at 58 kB/s)
Downloading from central: https://repo.maven.apache.org/maven2/org/apache/maven/surefire/maven-surefire-common/2.19.1/maven-surefire-common-2.19.1.jar
Downloaded from central: https://repo.maven.apache.org/maven2/org/junit/platform/junit-platform-launcher/1.1.0/junit-platform-launcher-1.1.0.jar (80 kB at 260 kB/s)
Downloading from central: https://repo.maven.apache.org/maven2/org/apache/maven/surefire/surefire-booter/2.19.1/surefire-booter-2.19.1.jar
Progress (4): 90 kB | 77 kB | 44 kB | 4.1/293 kB                                                Downloaded from central: https://repo.maven.apache.org/maven2/org/junit/platform/junit-platform-engine/1.1.0/junit-platform-engine-1.1.0.jar (90 kB at 250 kB/s)
Downloading from central: https://repo.maven.apache.org/maven2/org/apache/commons/commons-lang3/3.1/commons-lang3-3.1.jar
Downloaded from central: https://repo.maven.apache.org/maven2/org/apache/maven/surefire/common-java5/2.19.1/common-java5-2.19.1.jar (44 kB at 119 kB/s)
Downloading from central: https://repo.maven.apache.org/maven2/org/apache/maven/surefire/surefire-api/2.19.1/surefire-api-2.19.1.jar
Progress (3): 77 kB | 4.1/293 kB | 4.1/46 kBProgress (3): 77 kB | 8.2/293 kB | 4.1/46 kBProgress (3): 77 kB | 8.2/293 kB | 8.2/46 kBProgress (3): 77 kB | 8.2/293 kB | 12/46 kB                                            Downloaded from central: https://repo.maven.apache.org/maven2/org/junit/platform/junit-platform-commons/1.1.0/junit-platform-commons-1.1.0.jar (77 kB at 181 kB/s)
Downloading from central: https://repo.maven.apache.org/maven2/org/apache/maven/plugin-tools/maven-plugin-annotations/3.3/maven-plugin-annotations-3.3.jar
Progress (2): 12/293 kB | 12/46 kBProgress (2): 16/293 kB | 12/46 kBProgress (2): 16/293 kB | 16/46 kBProgress (2): 16/293 kB | 20/46 kBProgress (2): 16/293 kB | 25/46 kBProgress (2): 16/293 kB | 29/46 kBProgress (2): 16/293 kB | 33/46 kBProgress (2): 16/293 kB | 37/46 kBProgress (2): 16/293 kB | 41/46 kBProgress (2): 16/293 kB | 45/46 kBProgress (2): 16/293 kB | 46 kB   Progress (3): 16/293 kB | 46 kB | 4.1/196 kBProgress (3): 16/293 kB | 46 kB | 8.2/196 kBProgress (3): 16/293 kB | 46 kB | 12/196 kB Progress (3): 16/293 kB | 46 kB | 16/196 kBProgress (3): 20/293 kB | 46 kB | 16/196 kBProgress (3): 25/293 kB | 46 kB | 16/196 kBProgress (3): 29/293 kB | 46 kB | 16/196 kBProgress (3): 33/293 kB | 46 kB | 16/196 kBProgress (3): 33/293 kB | 46 kB | 20/196 kBProgress (3): 33/293 kB | 46 kB | 25/196 kBProgress (3): 33/293 kB | 46 kB | 29/196 kBProgress (3): 33/293 kB | 46 kB | 33/196 kBProgress (3): 37/293 kB | 46 kB | 33/196 kBProgress (3): 41/293 kB | 46 kB | 33/196 kBProgress (3): 45/293 kB | 46 kB | 33/196 kBProgress (3): 49/293 kB | 46 kB | 33/196 kBProgress (3): 53/293 kB | 46 kB | 33/196 kBProgress (3): 57/293 kB | 46 kB | 33/196 kBProgress (3): 61/293 kB | 46 kB | 33/196 kBProgress (3): 66/293 kB | 46 kB | 33/196 kBProgress (3): 70/293 kB | 46 kB | 33/196 kBProgress (4): 70/293 kB | 46 kB | 33/196 kB | 4.1/316 kBProgress (4): 70/293 kB | 46 kB | 33/196 kB | 8.2/316 kBProgress (4): 70/293 kB | 46 kB | 37/196 kB | 8.2/316 kBProgress (5): 70/293 kB | 46 kB | 37/196 kB | 8.2/316 kB | 4.1/14 kBProgress (5): 70/293 kB | 46 kB | 37/196 kB | 8.2/316 kB | 8.2/14 kBProgress (5): 70/293 kB | 46 kB | 37/196 kB | 8.2/316 kB | 12/14 kB Progress (5): 70/293 kB | 46 kB | 37/196 kB | 8.2/316 kB | 14 kB                                                                   Downloaded from central: https://repo.maven.apache.org/maven2/org/apache/maven/surefire/surefire-booter/2.19.1/surefire-booter-2.19.1.jar (46 kB at 69 kB/s)
Progress (4): 74/293 kB | 37/196 kB | 8.2/316 kB | 14 kBProgress (4): 74/293 kB | 41/196 kB | 8.2/316 kB | 14 kBProgress (4): 74/293 kB | 41/196 kB | 12/316 kB | 14 kB Progress (4): 74/293 kB | 45/196 kB | 12/316 kB | 14 kBProgress (4): 78/293 kB | 45/196 kB | 12/316 kB | 14 kBProgress (4): 82/293 kB | 45/196 kB | 12/316 kB | 14 kBProgress (4): 82/293 kB | 49/196 kB | 12/316 kB | 14 kBProgress (4): 82/293 kB | 49/196 kB | 16/316 kB | 14 kBProgress (4): 82/293 kB | 53/196 kB | 16/316 kB | 14 kBProgress (4): 82/293 kB | 57/196 kB | 16/316 kB | 14 kBProgress (4): 82/293 kB | 61/196 kB | 16/316 kB | 14 kBProgress (4): 82/293 kB | 66/196 kB | 16/316 kB | 14 kBProgress (4): 86/293 kB | 66/196 kB | 16/316 kB | 14 kBProgress (4): 86/293 kB | 70/196 kB | 16/316 kB | 14 kBProgress (4): 86/293 kB | 70/196 kB | 20/316 kB | 14 kBProgress (4): 86/293 kB | 74/196 kB | 20/316 kB | 14 kBProgress (4): 86/293 kB | 78/196 kB | 20/316 kB | 14 kBProgress (4): 86/293 kB | 82/196 kB | 20/316 kB | 14 kBProgress (4): 90/293 kB | 82/196 kB | 20/316 kB | 14 kBProgress (4): 90/293 kB | 82/196 kB | 25/316 kB | 14 kBProgress (4): 90/293 kB | 82/196 kB | 29/316 kB | 14 kBProgress (4): 94/293 kB | 82/196 kB | 29/316 kB | 14 kBProgress (4): 98/293 kB | 82/196 kB | 29/316 kB | 14 kBProgress (4): 102/293 kB | 82/196 kB | 29/316 kB | 14 kBProgress (4): 106/293 kB | 82/196 kB | 29/316 kB | 14 kBProgress (4): 106/293 kB | 86/196 kB | 29/316 kB | 14 kBProgress (4): 106/293 kB | 90/196 kB | 29/316 kB | 14 kBProgress (4): 106/293 kB | 94/196 kB | 29/316 kB | 14 kBProgress (4): 106/293 kB | 98/196 kB | 29/316 kB | 14 kB                                                        Downloaded from central: https://repo.maven.apache.org/maven2/org/apache/maven/plugin-tools/maven-plugin-annotations/3.3/maven-plugin-annotations-3.3.jar (14 kB at 19 kB/s)
Progress (3): 106/293 kB | 98/196 kB | 33/316 kBProgress (3): 106/293 kB | 102/196 kB | 33/316 kBProgress (3): 106/293 kB | 106/196 kB | 33/316 kBProgress (3): 106/293 kB | 111/196 kB | 33/316 kBProgress (3): 106/293 kB | 111/196 kB | 37/316 kBProgress (3): 106/293 kB | 111/196 kB | 41/316 kBProgress (3): 106/293 kB | 115/196 kB | 41/316 kBProgress (3): 111/293 kB | 115/196 kB | 41/316 kBProgress (3): 115/293 kB | 115/196 kB | 41/316 kBProgress (3): 115/293 kB | 115/196 kB | 45/316 kBProgress (3): 115/293 kB | 119/196 kB | 45/316 kBProgress (3): 115/293 kB | 123/196 kB | 45/316 kBProgress (3): 115/293 kB | 123/196 kB | 49/316 kBProgress (3): 119/293 kB | 123/196 kB | 49/316 kBProgress (3): 123/293 kB | 123/196 kB | 49/316 kBProgress (3): 123/293 kB | 127/196 kB | 49/316 kBProgress (3): 123/293 kB | 131/196 kB | 49/316 kBProgress (3): 127/293 kB | 131/196 kB | 49/316 kBProgress (3): 131/293 kB | 131/196 kB | 49/316 kBProgress (3): 131/293 kB | 135/196 kB | 49/316 kBProgress (3): 131/293 kB | 139/196 kB | 49/316 kBProgress (3): 131/293 kB | 139/196 kB | 53/316 kBProgress (3): 131/293 kB | 139/196 kB | 57/316 kBProgress (3): 131/293 kB | 139/196 kB | 61/316 kBProgress (3): 131/293 kB | 139/196 kB | 66/316 kBProgress (3): 135/293 kB | 139/196 kB | 66/316 kBProgress (3): 139/293 kB | 139/196 kB | 66/316 kBProgress (3): 143/293 kB | 139/196 kB | 66/316 kBProgress (3): 143/293 kB | 139/196 kB | 70/316 kBProgress (3): 143/293 kB | 143/196 kB | 70/316 kBProgress (3): 143/293 kB | 147/196 kB | 70/316 kBProgress (3): 147/293 kB | 147/196 kB | 70/316 kBProgress (3): 147/293 kB | 152/196 kB | 70/316 kBProgress (3): 147/293 kB | 156/196 kB | 70/316 kBProgress (3): 152/293 kB | 156/196 kB | 70/316 kBProgress (3): 152/293 kB | 160/196 kB | 70/316 kBProgress (3): 152/293 kB | 164/196 kB | 70/316 kBProgress (3): 152/293 kB | 164/196 kB | 74/316 kBProgress (3): 152/293 kB | 164/196 kB | 78/316 kBProgress (3): 152/293 kB | 164/196 kB | 82/316 kBProgress (3): 156/293 kB | 164/196 kB | 82/316 kBProgress (3): 160/293 kB | 164/196 kB | 82/316 kBProgress (3): 160/293 kB | 168/196 kB | 82/316 kBProgress (3): 160/293 kB | 172/196 kB | 82/316 kBProgress (3): 160/293 kB | 176/196 kB | 82/316 kBProgress (3): 164/293 kB | 176/196 kB | 82/316 kBProgress (3): 164/293 kB | 180/196 kB | 82/316 kBProgress (3): 168/293 kB | 180/196 kB | 82/316 kBProgress (3): 172/293 kB | 180/196 kB | 82/316 kBProgress (3): 176/293 kB | 180/196 kB | 82/316 kBProgress (3): 180/293 kB | 180/196 kB | 82/316 kBProgress (3): 180/293 kB | 180/196 kB | 86/316 kBProgress (3): 180/293 kB | 180/196 kB | 90/316 kBProgress (3): 180/293 kB | 180/196 kB | 94/316 kBProgress (3): 180/293 kB | 180/196 kB | 98/316 kBProgress (3): 180/293 kB | 184/196 kB | 98/316 kBProgress (3): 180/293 kB | 188/196 kB | 98/316 kBProgress (3): 180/293 kB | 193/196 kB | 98/316 kBProgress (3): 184/293 kB | 193/196 kB | 98/316 kBProgress (3): 188/293 kB | 193/196 kB | 98/316 kBProgress (3): 193/293 kB | 193/196 kB | 98/316 kBProgress (3): 197/293 kB | 193/196 kB | 98/316 kBProgress (3): 197/293 kB | 196 kB | 98/316 kB    Progress (3): 201/293 kB | 196 kB | 98/316 kBProgress (3): 205/293 kB | 196 kB | 98/316 kBProgress (3): 209/293 kB | 196 kB | 98/316 kBProgress (3): 213/293 kB | 196 kB | 98/316 kBProgress (3): 213/293 kB | 196 kB | 102/316 kBProgress (3): 217/293 kB | 196 kB | 102/316 kBProgress (3): 217/293 kB | 196 kB | 106/316 kBProgress (3): 217/293 kB | 196 kB | 111/316 kBProgress (3): 221/293 kB | 196 kB | 111/316 kBProgress (3): 221/293 kB | 196 kB | 115/316 kBProgress (3): 225/293 kB | 196 kB | 115/316 kBProgress (3): 229/293 kB | 196 kB | 115/316 kBProgress (3): 233/293 kB | 196 kB | 115/316 kBProgress (3): 238/293 kB | 196 kB | 115/316 kBProgress (3): 242/293 kB | 196 kB | 115/316 kBProgress (3): 246/293 kB | 196 kB | 115/316 kBProgress (3): 246/293 kB | 196 kB | 119/316 kBProgress (3): 250/293 kB | 196 kB | 119/316 kBProgress (3): 254/293 kB | 196 kB | 119/316 kBProgress (3): 258/293 kB | 196 kB | 119/316 kBProgress (3): 262/293 kB | 196 kB | 119/316 kBProgress (3): 266/293 kB | 196 kB | 119/316 kBProgress (3): 270/293 kB | 196 kB | 119/316 kBProgress (3): 274/293 kB | 196 kB | 119/316 kBProgress (3): 279/293 kB | 196 kB | 119/316 kB                                              Downloaded from central: https://repo.maven.apache.org/maven2/org/apache/maven/surefire/surefire-api/2.19.1/surefire-api-2.19.1.jar (196 kB at 206 kB/s)
Progress (2): 283/293 kB | 119/316 kBProgress (2): 287/293 kB | 119/316 kBProgress (2): 291/293 kB | 119/316 kBProgress (2): 293 kB | 119/316 kB    Progress (2): 293 kB | 123/316 kBProgress (2): 293 kB | 127/316 kBProgress (2): 293 kB | 131/316 kBProgress (2): 293 kB | 135/316 kBProgress (2): 293 kB | 139/316 kBProgress (2): 293 kB | 143/316 kBProgress (2): 293 kB | 147/316 kBProgress (2): 293 kB | 152/316 kBProgress (2): 293 kB | 156/316 kBProgress (2): 293 kB | 160/316 kBProgress (2): 293 kB | 164/316 kB                                 Downloaded from central: https://repo.maven.apache.org/maven2/org/apache/maven/surefire/maven-surefire-common/2.19.1/maven-surefire-common-2.19.1.jar (293 kB at 275 kB/s)
Progress (1): 168/316 kBProgress (1): 172/316 kBProgress (1): 176/316 kBProgress (1): 180/316 kBProgress (1): 184/316 kBProgress (1): 188/316 kBProgress (1): 193/316 kBProgress (1): 197/316 kBProgress (1): 201/316 kBProgress (1): 205/316 kBProgress (1): 209/316 kBProgress (1): 213/316 kBProgress (1): 217/316 kBProgress (1): 221/316 kBProgress (1): 225/316 kBProgress (1): 229/316 kBProgress (1): 233/316 kBProgress (1): 238/316 kBProgress (1): 242/316 kBProgress (1): 246/316 kBProgress (1): 250/316 kBProgress (1): 254/316 kBProgress (1): 258/316 kBProgress (1): 262/316 kBProgress (1): 266/316 kBProgress (1): 270/316 kBProgress (1): 274/316 kBProgress (1): 279/316 kBProgress (1): 283/316 kBProgress (1): 287/316 kBProgress (1): 291/316 kBProgress (1): 295/316 kBProgress (1): 299/316 kBProgress (1): 303/316 kBProgress (1): 307/316 kBProgress (1): 311/316 kBProgress (1): 315/316 kBProgress (1): 316 kB                        Downloaded from central: https://repo.maven.apache.org/maven2/org/apache/commons/commons-lang3/3.1/commons-lang3-3.1.jar (316 kB at 229 kB/s)
Downloading from central: https://repo.maven.apache.org/maven2/org/apache/maven/wagon/wagon-http/1.0-beta-6/wagon-http-1.0-beta-6.pom
Progress (1): 3.3 kB                    Downloaded from central: https://repo.maven.apache.org/maven2/org/apache/maven/wagon/wagon-http/1.0-beta-6/wagon-http-1.0-beta-6.pom (3.3 kB at 23 kB/s)
Downloading from central: https://repo.maven.apache.org/maven2/org/apache/maven/wagon/wagon-providers/1.0-beta-6/wagon-providers-1.0-beta-6.pom
Progress (1): 2.1 kB                    Downloaded from central: https://repo.maven.apache.org/maven2/org/apache/maven/wagon/wagon-providers/1.0-beta-6/wagon-providers-1.0-beta-6.pom (2.1 kB at 21 kB/s)
Downloading from central: https://repo.maven.apache.org/maven2/org/apache/maven/wagon/wagon-http-shared/1.0-beta-6/wagon-http-shared-1.0-beta-6.pom
Progress (1): 2.1 kB                    Downloaded from central: https://repo.maven.apache.org/maven2/org/apache/maven/wagon/wagon-http-shared/1.0-beta-6/wagon-http-shared-1.0-beta-6.pom (2.1 kB at 12 kB/s)
Downloading from central: https://repo.maven.apache.org/maven2/nekohtml/xercesMinimal/1.9.6.2/xercesMinimal-1.9.6.2.pom
Progress (1): 390 B                   Downloaded from central: https://repo.maven.apache.org/maven2/nekohtml/xercesMinimal/1.9.6.2/xercesMinimal-1.9.6.2.pom (390 B at 3.5 kB/s)
Downloading from central: https://repo.maven.apache.org/maven2/nekohtml/nekohtml/1.9.6.2/nekohtml-1.9.6.2.pom
Progress (1): 704 B                   Downloaded from central: https://repo.maven.apache.org/maven2/nekohtml/nekohtml/1.9.6.2/nekohtml-1.9.6.2.pom (704 B at 5.9 kB/s)
Downloading from central: https://repo.maven.apache.org/maven2/commons-httpclient/commons-httpclient/3.1/commons-httpclient-3.1.pom
Progress (1): 4.1/7.8 kBProgress (1): 7.8 kB                        Downloaded from central: https://repo.maven.apache.org/maven2/commons-httpclient/commons-httpclient/3.1/commons-httpclient-3.1.pom (7.8 kB at 74 kB/s)
Downloading from central: https://repo.maven.apache.org/maven2/commons-codec/commons-codec/1.2/commons-codec-1.2.pom
Progress (1): 3.8 kB                    Downloaded from central: https://repo.maven.apache.org/maven2/commons-codec/commons-codec/1.2/commons-codec-1.2.pom (3.8 kB at 42 kB/s)
Downloading from central: https://repo.maven.apache.org/maven2/org/apache/maven/wagon/wagon-webdav-jackrabbit/1.0-beta-6/wagon-webdav-jackrabbit-1.0-beta-6.pom
Progress (1): 3.5 kB                    Downloaded from central: https://repo.maven.apache.org/maven2/org/apache/maven/wagon/wagon-webdav-jackrabbit/1.0-beta-6/wagon-webdav-jackrabbit-1.0-beta-6.pom (3.5 kB at 38 kB/s)
Downloading from central: https://repo.maven.apache.org/maven2/org/apache/jackrabbit/jackrabbit-webdav/1.5.0/jackrabbit-webdav-1.5.0.pom
Progress (1): 3.3 kB                    Downloaded from central: https://repo.maven.apache.org/maven2/org/apache/jackrabbit/jackrabbit-webdav/1.5.0/jackrabbit-webdav-1.5.0.pom (3.3 kB at 34 kB/s)
Downloading from central: https://repo.maven.apache.org/maven2/org/apache/jackrabbit/jackrabbit-parent/1.5.0/jackrabbit-parent-1.5.0.pom
Progress (1): 4.1/25 kBProgress (1): 8.2/25 kBProgress (1): 12/25 kB Progress (1): 16/25 kBProgress (1): 20/25 kBProgress (1): 25/25 kBProgress (1): 25 kB                      Downloaded from central: https://repo.maven.apache.org/maven2/org/apache/jackrabbit/jackrabbit-parent/1.5.0/jackrabbit-parent-1.5.0.pom (25 kB at 205 kB/s)
Downloading from central: https://repo.maven.apache.org/maven2/org/apache/apache/4/apache-4.pom
Progress (1): 4.1/4.5 kBProgress (1): 4.5 kB                        Downloaded from central: https://repo.maven.apache.org/maven2/org/apache/apache/4/apache-4.pom (4.5 kB at 45 kB/s)
Downloading from central: https://repo.maven.apache.org/maven2/org/apache/jackrabbit/jackrabbit-jcr-commons/1.5.0/jackrabbit-jcr-commons-1.5.0.pom
Progress (1): 3.0 kB                    Downloaded from central: https://repo.maven.apache.org/maven2/org/apache/jackrabbit/jackrabbit-jcr-commons/1.5.0/jackrabbit-jcr-commons-1.5.0.pom (3.0 kB at 34 kB/s)
Downloading from central: https://repo.maven.apache.org/maven2/org/slf4j/slf4j-api/1.5.3/slf4j-api-1.5.3.pom
Progress (1): 3.0 kB                    Downloaded from central: https://repo.maven.apache.org/maven2/org/slf4j/slf4j-api/1.5.3/slf4j-api-1.5.3.pom (3.0 kB at 37 kB/s)
Downloading from central: https://repo.maven.apache.org/maven2/org/slf4j/slf4j-parent/1.5.3/slf4j-parent-1.5.3.pom
Progress (1): 4.1/7.7 kBProgress (1): 7.7 kB                        Downloaded from central: https://repo.maven.apache.org/maven2/org/slf4j/slf4j-parent/1.5.3/slf4j-parent-1.5.3.pom (7.7 kB at 82 kB/s)
Downloading from central: https://repo.maven.apache.org/maven2/commons-httpclient/commons-httpclient/3.0/commons-httpclient-3.0.pom
Progress (1): 4.1/8.0 kBProgress (1): 8.0 kB                        Downloaded from central: https://repo.maven.apache.org/maven2/commons-httpclient/commons-httpclient/3.0/commons-httpclient-3.0.pom (8.0 kB at 92 kB/s)
Downloading from central: https://repo.maven.apache.org/maven2/org/slf4j/slf4j-nop/1.5.3/slf4j-nop-1.5.3.pom
Progress (1): 1.5 kB                    Downloaded from central: https://repo.maven.apache.org/maven2/org/slf4j/slf4j-nop/1.5.3/slf4j-nop-1.5.3.pom (1.5 kB at 15 kB/s)
Downloading from central: https://repo.maven.apache.org/maven2/org/apache/maven/reporting/maven-reporting-api/2.2.1/maven-reporting-api-2.2.1.pom
Progress (1): 1.9 kB                    Downloaded from central: https://repo.maven.apache.org/maven2/org/apache/maven/reporting/maven-reporting-api/2.2.1/maven-reporting-api-2.2.1.pom (1.9 kB at 19 kB/s)
Downloading from central: https://repo.maven.apache.org/maven2/org/apache/maven/reporting/maven-reporting/2.2.1/maven-reporting-2.2.1.pom
Progress (1): 1.4 kB                    Downloaded from central: https://repo.maven.apache.org/maven2/org/apache/maven/reporting/maven-reporting/2.2.1/maven-reporting-2.2.1.pom (1.4 kB at 18 kB/s)
Downloading from central: https://repo.maven.apache.org/maven2/org/apache/maven/doxia/doxia-logging-api/1.1/doxia-logging-api-1.1.pom
Progress (1): 1.6 kB                    Downloaded from central: https://repo.maven.apache.org/maven2/org/apache/maven/doxia/doxia-logging-api/1.1/doxia-logging-api-1.1.pom (1.6 kB at 18 kB/s)
Downloading from central: https://repo.maven.apache.org/maven2/org/apache/maven/doxia/doxia/1.1/doxia-1.1.pom
Progress (1): 4.1/15 kBProgress (1): 8.2/15 kBProgress (1): 12/15 kB Progress (1): 15 kB                      Downloaded from central: https://repo.maven.apache.org/maven2/org/apache/maven/doxia/doxia/1.1/doxia-1.1.pom (15 kB at 176 kB/s)
Downloading from central: https://repo.maven.apache.org/maven2/org/codehaus/plexus/plexus-container-default/1.0-alpha-30/plexus-container-default-1.0-alpha-30.pom
Progress (1): 3.5 kB                    Downloaded from central: https://repo.maven.apache.org/maven2/org/codehaus/plexus/plexus-container-default/1.0-alpha-30/plexus-container-default-1.0-alpha-30.pom (3.5 kB at 40 kB/s)
Downloading from central: https://repo.maven.apache.org/maven2/org/codehaus/plexus/plexus-containers/1.0-alpha-30/plexus-containers-1.0-alpha-30.pom
Progress (1): 1.9 kB                    Downloaded from central: https://repo.maven.apache.org/maven2/org/codehaus/plexus/plexus-containers/1.0-alpha-30/plexus-containers-1.0-alpha-30.pom (1.9 kB at 20 kB/s)
Downloading from central: https://repo.maven.apache.org/maven2/org/apache/maven/wagon/wagon-provider-api/1.0-beta-6/wagon-provider-api-1.0-beta-6.jar
Downloading from central: https://repo.maven.apache.org/maven2/org/apache/maven/wagon/wagon-http-shared/1.0-beta-6/wagon-http-shared-1.0-beta-6.jar
Downloading from central: https://repo.maven.apache.org/maven2/nekohtml/nekohtml/1.9.6.2/nekohtml-1.9.6.2.jar
Downloading from central: https://repo.maven.apache.org/maven2/nekohtml/xercesMinimal/1.9.6.2/xercesMinimal-1.9.6.2.jar
Progress (1): 4.1/53 kBProgress (1): 8.2/53 kBProgress (1): 12/53 kB Progress (1): 16/53 kBProgress (1): 20/53 kB                      Downloading from central: https://repo.maven.apache.org/maven2/org/apache/maven/wagon/wagon-http/1.0-beta-6/wagon-http-1.0-beta-6.jar
Progress (1): 25/53 kBProgress (1): 29/53 kBProgress (1): 33/53 kBProgress (2): 33/53 kB | 4.1/25 kBProgress (2): 33/53 kB | 8.2/25 kBProgress (2): 33/53 kB | 12/25 kB Progress (2): 33/53 kB | 16/25 kBProgress (2): 33/53 kB | 20/25 kBProgress (3): 33/53 kB | 20/25 kB | 4.1/112 kBProgress (3): 33/53 kB | 25/25 kB | 4.1/112 kBProgress (3): 37/53 kB | 25/25 kB | 4.1/112 kBProgress (3): 41/53 kB | 25/25 kB | 4.1/112 kBProgress (3): 45/53 kB | 25/25 kB | 4.1/112 kBProgress (3): 49/53 kB | 25/25 kB | 4.1/112 kBProgress (3): 53 kB | 25/25 kB | 4.1/112 kB   Progress (3): 53 kB | 25 kB | 4.1/112 kB   Progress (3): 53 kB | 25 kB | 8.2/112 kBProgress (3): 53 kB | 25 kB | 12/112 kB Progress (3): 53 kB | 25 kB | 16/112 kBProgress (3): 53 kB | 25 kB | 20/112 kBProgress (3): 53 kB | 25 kB | 25/112 kBProgress (3): 53 kB | 25 kB | 29/112 kBProgress (3): 53 kB | 25 kB | 33/112 kBProgress (3): 53 kB | 25 kB | 37/112 kBProgress (3): 53 kB | 25 kB | 41/112 kBProgress (3): 53 kB | 25 kB | 45/112 kBProgress (3): 53 kB | 25 kB | 49/112 kBProgress (3): 53 kB | 25 kB | 53/112 kBProgress (3): 53 kB | 25 kB | 57/112 kBProgress (3): 53 kB | 25 kB | 61/112 kBProgress (3): 53 kB | 25 kB | 66/112 kBProgress (3): 53 kB | 25 kB | 70/112 kBProgress (3): 53 kB | 25 kB | 74/112 kBProgress (3): 53 kB | 25 kB | 78/112 kBProgress (3): 53 kB | 25 kB | 82/112 kBProgress (3): 53 kB | 25 kB | 86/112 kB                                       Downloaded from central: https://repo.maven.apache.org/maven2/org/apache/maven/wagon/wagon-http-shared/1.0-beta-6/wagon-http-shared-1.0-beta-6.jar (25 kB at 129 kB/s)
Progress (3): 53 kB | 86/112 kB | 4.1/11 kBProgress (3): 53 kB | 90/112 kB | 4.1/11 kBProgress (3): 53 kB | 94/112 kB | 4.1/11 kBProgress (3): 53 kB | 98/112 kB | 4.1/11 kBProgress (3): 53 kB | 102/112 kB | 4.1/11 kBProgress (4): 53 kB | 102/112 kB | 4.1/11 kB | 4.1/40 kBProgress (4): 53 kB | 102/112 kB | 8.2/11 kB | 4.1/40 kBProgress (4): 53 kB | 102/112 kB | 11 kB | 4.1/40 kB    Progress (4): 53 kB | 106/112 kB | 11 kB | 4.1/40 kBProgress (4): 53 kB | 111/112 kB | 11 kB | 4.1/40 kBProgress (4): 53 kB | 112 kB | 11 kB | 4.1/40 kB    Progress (4): 53 kB | 112 kB | 11 kB | 8.2/40 kBProgress (4): 53 kB | 112 kB | 11 kB | 12/40 kB                                                Downloading from central: https://repo.maven.apache.org/maven2/commons-httpclient/commons-httpclient/3.1/commons-httpclient-3.1.jar
Progress (4): 53 kB | 112 kB | 11 kB | 16/40 kB                                               Downloaded from central: https://repo.maven.apache.org/maven2/org/apache/maven/wagon/wagon-provider-api/1.0-beta-6/wagon-provider-api-1.0-beta-6.jar (53 kB at 194 kB/s)
Progress (3): 112 kB | 11 kB | 20/40 kB                                       Downloaded from central: https://repo.maven.apache.org/maven2/org/apache/maven/wagon/wagon-http/1.0-beta-6/wagon-http-1.0-beta-6.jar (11 kB at 54 kB/s)
Downloading from central: https://repo.maven.apache.org/maven2/commons-codec/commons-codec/1.2/commons-codec-1.2.jar
Downloaded from central: https://repo.maven.apache.org/maven2/nekohtml/nekohtml/1.9.6.2/nekohtml-1.9.6.2.jar (112 kB at 401 kB/s)
Downloading from central: https://repo.maven.apache.org/maven2/org/apache/maven/wagon/wagon-webdav-jackrabbit/1.0-beta-6/wagon-webdav-jackrabbit-1.0-beta-6.jar
Progress (1): 25/40 kBProgress (1): 29/40 kB                      Downloading from central: https://repo.maven.apache.org/maven2/org/apache/jackrabbit/jackrabbit-webdav/1.5.0/jackrabbit-webdav-1.5.0.jar
Progress (2): 29/40 kB | 4.1/305 kBProgress (2): 29/40 kB | 8.2/305 kBProgress (2): 29/40 kB | 12/305 kB Progress (2): 29/40 kB | 16/305 kBProgress (2): 29/40 kB | 20/305 kBProgress (2): 29/40 kB | 25/305 kBProgress (2): 29/40 kB | 29/305 kBProgress (2): 29/40 kB | 33/305 kBProgress (2): 33/40 kB | 33/305 kBProgress (2): 33/40 kB | 37/305 kBProgress (2): 33/40 kB | 41/305 kBProgress (2): 33/40 kB | 45/305 kBProgress (2): 37/40 kB | 45/305 kBProgress (3): 37/40 kB | 45/305 kB | 4.1/30 kBProgress (3): 37/40 kB | 45/305 kB | 8.2/30 kBProgress (3): 37/40 kB | 45/305 kB | 12/30 kB Progress (3): 37/40 kB | 45/305 kB | 16/30 kBProgress (3): 37/40 kB | 45/305 kB | 20/30 kBProgress (3): 37/40 kB | 45/305 kB | 25/30 kBProgress (3): 37/40 kB | 45/305 kB | 29/30 kBProgress (3): 37/40 kB | 45/305 kB | 30 kB   Progress (3): 37/40 kB | 49/305 kB | 30 kBProgress (3): 40 kB | 49/305 kB | 30 kB   Progress (4): 40 kB | 49/305 kB | 30 kB | 4.1/18 kBProgress (4): 40 kB | 49/305 kB | 30 kB | 8.2/18 kBProgress (5): 40 kB | 49/305 kB | 30 kB | 8.2/18 kB | 4.1/303 kBProgress (5): 40 kB | 49/305 kB | 30 kB | 12/18 kB | 4.1/303 kB Progress (5): 40 kB | 49/305 kB | 30 kB | 16/18 kB | 4.1/303 kBProgress (5): 40 kB | 49/305 kB | 30 kB | 16/18 kB | 8.2/303 kBProgress (5): 40 kB | 49/305 kB | 30 kB | 16/18 kB | 12/303 kB Progress (5): 40 kB | 49/305 kB | 30 kB | 16/18 kB | 16/303 kBProgress (5): 40 kB | 49/305 kB | 30 kB | 16/18 kB | 20/303 kBProgress (5): 40 kB | 49/305 kB | 30 kB | 16/18 kB | 25/303 kBProgress (5): 40 kB | 49/305 kB | 30 kB | 16/18 kB | 29/303 kBProgress (5): 40 kB | 49/305 kB | 30 kB | 16/18 kB | 33/303 kBProgress (5): 40 kB | 49/305 kB | 30 kB | 16/18 kB | 37/303 kBProgress (5): 40 kB | 49/305 kB | 30 kB | 16/18 kB | 41/303 kB                                                              Downloaded from central: https://repo.maven.apache.org/maven2/commons-codec/commons-codec/1.2/commons-codec-1.2.jar (30 kB at 174 kB/s)
Progress (4): 40 kB | 49/305 kB | 18 kB | 41/303 kBProgress (4): 40 kB | 53/305 kB | 18 kB | 41/303 kBProgress (4): 40 kB | 57/305 kB | 18 kB | 41/303 kBProgress (4): 40 kB | 61/305 kB | 18 kB | 41/303 kBProgress (4): 40 kB | 66/305 kB | 18 kB | 41/303 kBProgress (4): 40 kB | 70/305 kB | 18 kB | 41/303 kBProgress (4): 40 kB | 74/305 kB | 18 kB | 41/303 kBProgress (4): 40 kB | 78/305 kB | 18 kB | 41/303 kBProgress (4): 40 kB | 82/305 kB | 18 kB | 41/303 kBProgress (4): 40 kB | 86/305 kB | 18 kB | 41/303 kBProgress (4): 40 kB | 90/305 kB | 18 kB | 41/303 kBProgress (4): 40 kB | 94/305 kB | 18 kB | 41/303 kBProgress (4): 40 kB | 94/305 kB | 18 kB | 45/303 kBProgress (4): 40 kB | 94/305 kB | 18 kB | 49/303 kBProgress (4): 40 kB | 94/305 kB | 18 kB | 53/303 kBProgress (4): 40 kB | 94/305 kB | 18 kB | 57/303 kB                                                   Downloaded from central: https://repo.maven.apache.org/maven2/nekohtml/xercesMinimal/1.9.6.2/xercesMinimal-1.9.6.2.jar (40 kB at 84 kB/s)
Progress (3): 98/305 kB | 18 kB | 57/303 kBProgress (3): 98/305 kB | 18 kB | 61/303 kBProgress (3): 98/305 kB | 18 kB | 66/303 kBProgress (3): 98/305 kB | 18 kB | 70/303 kBProgress (3): 98/305 kB | 18 kB | 74/303 kBProgress (3): 98/305 kB | 18 kB | 78/303 kBProgress (3): 98/305 kB | 18 kB | 82/303 kBProgress (3): 98/305 kB | 18 kB | 86/303 kB                                           Downloading from central: https://repo.maven.apache.org/maven2/org/apache/jackrabbit/jackrabbit-jcr-commons/1.5.0/jackrabbit-jcr-commons-1.5.0.jar
Progress (3): 102/305 kB | 18 kB | 86/303 kBProgress (3): 106/305 kB | 18 kB | 86/303 kBProgress (3): 111/305 kB | 18 kB | 86/303 kBProgress (3): 115/305 kB | 18 kB | 86/303 kB                                            Downloaded from central: https://repo.maven.apache.org/maven2/org/apache/maven/wagon/wagon-webdav-jackrabbit/1.0-beta-6/wagon-webdav-jackrabbit-1.0-beta-6.jar (18 kB at 78 kB/s)
Progress (2): 119/305 kB | 86/303 kBProgress (2): 123/305 kB | 86/303 kBProgress (2): 123/305 kB | 90/303 kBProgress (2): 123/305 kB | 94/303 kBProgress (2): 127/305 kB | 94/303 kBProgress (2): 131/305 kB | 94/303 kBProgress (2): 131/305 kB | 98/303 kB                                    Downloading from central: https://repo.maven.apache.org/maven2/org/slf4j/slf4j-nop/1.5.3/slf4j-nop-1.5.3.jar
Progress (2): 131/305 kB | 102/303 kBProgress (2): 131/305 kB | 106/303 kBProgress (2): 131/305 kB | 111/303 kBProgress (2): 131/305 kB | 115/303 kBProgress (2): 135/305 kB | 115/303 kBProgress (2): 139/305 kB | 115/303 kBProgress (2): 143/305 kB | 115/303 kBProgress (2): 147/305 kB | 115/303 kBProgress (2): 152/305 kB | 115/303 kBProgress (2): 156/305 kB | 115/303 kBProgress (2): 160/305 kB | 115/303 kBProgress (2): 160/305 kB | 119/303 kBProgress (2): 160/305 kB | 123/303 kB                                     Downloading from central: https://repo.maven.apache.org/maven2/org/apache/maven/reporting/maven-reporting-api/2.2.1/maven-reporting-api-2.2.1.jar
Progress (2): 160/305 kB | 127/303 kBProgress (2): 160/305 kB | 131/303 kBProgress (3): 160/305 kB | 131/303 kB | 4.1/203 kBProgress (3): 160/305 kB | 131/303 kB | 8.2/203 kBProgress (3): 160/305 kB | 131/303 kB | 12/203 kB Progress (3): 164/305 kB | 131/303 kB | 12/203 kBProgress (3): 168/305 kB | 131/303 kB | 12/203 kBProgress (3): 172/305 kB | 131/303 kB | 12/203 kBProgress (3): 176/305 kB | 131/303 kB | 12/203 kBProgress (3): 180/305 kB | 131/303 kB | 12/203 kBProgress (3): 184/305 kB | 131/303 kB | 12/203 kBProgress (3): 188/305 kB | 131/303 kB | 12/203 kBProgress (3): 193/305 kB | 131/303 kB | 12/203 kBProgress (3): 197/305 kB | 131/303 kB | 12/203 kBProgress (3): 201/305 kB | 131/303 kB | 12/203 kBProgress (3): 205/305 kB | 131/303 kB | 12/203 kBProgress (3): 209/305 kB | 131/303 kB | 12/203 kBProgress (3): 213/305 kB | 131/303 kB | 12/203 kBProgress (3): 217/305 kB | 131/303 kB | 12/203 kBProgress (3): 221/305 kB | 131/303 kB | 12/203 kBProgress (3): 225/305 kB | 131/303 kB | 12/203 kBProgress (3): 229/305 kB | 131/303 kB | 12/203 kBProgress (3): 229/305 kB | 131/303 kB | 16/203 kBProgress (4): 229/305 kB | 131/303 kB | 16/203 kB | 4.1/5.2 kBProgress (4): 229/305 kB | 131/303 kB | 20/203 kB | 4.1/5.2 kBProgress (4): 229/305 kB | 131/303 kB | 25/203 kB | 4.1/5.2 kBProgress (4): 229/305 kB | 131/303 kB | 29/203 kB | 4.1/5.2 kBProgress (4): 229/305 kB | 135/303 kB | 29/203 kB | 4.1/5.2 kBProgress (4): 229/305 kB | 139/303 kB | 29/203 kB | 4.1/5.2 kBProgress (4): 229/305 kB | 143/303 kB | 29/203 kB | 4.1/5.2 kBProgress (4): 229/305 kB | 143/303 kB | 33/203 kB | 4.1/5.2 kBProgress (4): 229/305 kB | 143/303 kB | 33/203 kB | 5.2 kB    Progress (4): 229/305 kB | 143/303 kB | 37/203 kB | 5.2 kBProgress (4): 229/305 kB | 143/303 kB | 41/203 kB | 5.2 kBProgress (4): 229/305 kB | 143/303 kB | 45/203 kB | 5.2 kBProgress (4): 229/305 kB | 143/303 kB | 49/203 kB | 5.2 kBProgress (4): 229/305 kB | 143/303 kB | 53/203 kB | 5.2 kBProgress (4): 229/305 kB | 143/303 kB | 57/203 kB | 5.2 kBProgress (4): 229/305 kB | 143/303 kB | 61/203 kB | 5.2 kBProgress (4): 229/305 kB | 143/303 kB | 66/203 kB | 5.2 kBProgress (4): 233/305 kB | 143/303 kB | 66/203 kB | 5.2 kBProgress (5): 233/305 kB | 143/303 kB | 66/203 kB | 5.2 kB | 4.1/9.8 kBProgress (5): 238/305 kB | 143/303 kB | 66/203 kB | 5.2 kB | 4.1/9.8 kBProgress (5): 242/305 kB | 143/303 kB | 66/203 kB | 5.2 kB | 4.1/9.8 kBProgress (5): 246/305 kB | 143/303 kB | 66/203 kB | 5.2 kB | 4.1/9.8 kBProgress (5): 250/305 kB | 143/303 kB | 66/203 kB | 5.2 kB | 4.1/9.8 kBProgress (5): 254/305 kB | 143/303 kB | 66/203 kB | 5.2 kB | 4.1/9.8 kBProgress (5): 258/305 kB | 143/303 kB | 66/203 kB | 5.2 kB | 4.1/9.8 kBProgress (5): 262/305 kB | 143/303 kB | 66/203 kB | 5.2 kB | 4.1/9.8 kBProgress (5): 266/305 kB | 143/303 kB | 66/203 kB | 5.2 kB | 4.1/9.8 kBProgress (5): 270/305 kB | 143/303 kB | 66/203 kB | 5.2 kB | 4.1/9.8 kBProgress (5): 274/305 kB | 143/303 kB | 66/203 kB | 5.2 kB | 4.1/9.8 kBProgress (5): 279/305 kB | 143/303 kB | 66/203 kB | 5.2 kB | 4.1/9.8 kBProgress (5): 283/305 kB | 143/303 kB | 66/203 kB | 5.2 kB | 4.1/9.8 kBProgress (5): 287/305 kB | 143/303 kB | 66/203 kB | 5.2 kB | 4.1/9.8 kBProgress (5): 287/305 kB | 143/303 kB | 70/203 kB | 5.2 kB | 4.1/9.8 kBProgress (5): 287/305 kB | 147/303 kB | 70/203 kB | 5.2 kB | 4.1/9.8 kBProgress (5): 291/305 kB | 147/303 kB | 70/203 kB | 5.2 kB | 4.1/9.8 kBProgress (5): 291/305 kB | 147/303 kB | 74/203 kB | 5.2 kB | 4.1/9.8 kBProgress (5): 291/305 kB | 147/303 kB | 78/203 kB | 5.2 kB | 4.1/9.8 kBProgress (5): 291/305 kB | 147/303 kB | 78/203 kB | 5.2 kB | 8.2/9.8 kBProgress (5): 295/305 kB | 147/303 kB | 78/203 kB | 5.2 kB | 8.2/9.8 kBProgress (5): 299/305 kB | 147/303 kB | 78/203 kB | 5.2 kB | 8.2/9.8 kBProgress (5): 299/305 kB | 147/303 kB | 82/203 kB | 5.2 kB | 8.2/9.8 kBProgress (5): 299/305 kB | 152/303 kB | 82/203 kB | 5.2 kB | 8.2/9.8 kBProgress (5): 299/305 kB | 156/303 kB | 82/203 kB | 5.2 kB | 8.2/9.8 kBProgress (5): 299/305 kB | 160/303 kB | 82/203 kB | 5.2 kB | 8.2/9.8 kBProgress (5): 299/305 kB | 164/303 kB | 82/203 kB | 5.2 kB | 8.2/9.8 kBProgress (5): 299/305 kB | 168/303 kB | 82/203 kB | 5.2 kB | 8.2/9.8 kBProgress (5): 299/305 kB | 172/303 kB | 82/203 kB | 5.2 kB | 8.2/9.8 kBProgress (5): 303/305 kB | 172/303 kB | 82/203 kB | 5.2 kB | 8.2/9.8 kBProgress (5): 303/305 kB | 172/303 kB | 86/203 kB | 5.2 kB | 8.2/9.8 kBProgress (5): 303/305 kB | 172/303 kB | 90/203 kB | 5.2 kB | 8.2/9.8 kBProgress (5): 303/305 kB | 172/303 kB | 90/203 kB | 5.2 kB | 9.8 kB    Progress (5): 305 kB | 172/303 kB | 90/203 kB | 5.2 kB | 9.8 kB    Progress (5): 305 kB | 176/303 kB | 90/203 kB | 5.2 kB | 9.8 kB                                                               Downloaded from central: https://repo.maven.apache.org/maven2/org/slf4j/slf4j-nop/1.5.3/slf4j-nop-1.5.3.jar (5.2 kB at 26 kB/s)
Progress (4): 305 kB | 180/303 kB | 90/203 kB | 9.8 kBProgress (4): 305 kB | 184/303 kB | 90/203 kB | 9.8 kBProgress (4): 305 kB | 184/303 kB | 94/203 kB | 9.8 kBProgress (4): 305 kB | 184/303 kB | 98/203 kB | 9.8 kBProgress (4): 305 kB | 188/303 kB | 98/203 kB | 9.8 kBProgress (4): 305 kB | 193/303 kB | 98/203 kB | 9.8 kBProgress (4): 305 kB | 197/303 kB | 98/203 kB | 9.8 kBProgress (4): 305 kB | 201/303 kB | 98/203 kB | 9.8 kBProgress (4): 305 kB | 205/303 kB | 98/203 kB | 9.8 kBProgress (4): 305 kB | 205/303 kB | 102/203 kB | 9.8 kB                                                       Downloaded from central: https://repo.maven.apache.org/maven2/org/apache/maven/reporting/maven-reporting-api/2.2.1/maven-reporting-api-2.2.1.jar (9.8 kB at 45 kB/s)
Downloading from central: https://repo.maven.apache.org/maven2/org/apache/maven/doxia/doxia-logging-api/1.1/doxia-logging-api-1.1.jar
Progress (3): 305 kB | 209/303 kB | 102/203 kBProgress (3): 305 kB | 209/303 kB | 106/203 kBProgress (3): 305 kB | 209/303 kB | 111/203 kBProgress (3): 305 kB | 209/303 kB | 115/203 kBProgress (3): 305 kB | 213/303 kB | 115/203 kB                                              Downloaded from central: https://repo.maven.apache.org/maven2/commons-httpclient/commons-httpclient/3.1/commons-httpclient-3.1.jar (305 kB at 522 kB/s)
Progress (2): 213/303 kB | 119/203 kBProgress (2): 213/303 kB | 123/203 kBProgress (2): 213/303 kB | 127/203 kBProgress (2): 213/303 kB | 131/203 kBProgress (2): 217/303 kB | 131/203 kBProgress (2): 221/303 kB | 131/203 kBProgress (3): 221/303 kB | 131/203 kB | 4.1/11 kBProgress (3): 221/303 kB | 131/203 kB | 8.2/11 kBProgress (3): 221/303 kB | 131/203 kB | 11 kB    Progress (3): 225/303 kB | 131/203 kB | 11 kBProgress (3): 229/303 kB | 131/203 kB | 11 kBProgress (3): 233/303 kB | 131/203 kB | 11 kBProgress (3): 238/303 kB | 131/203 kB | 11 kBProgress (3): 242/303 kB | 131/203 kB | 11 kBProgress (3): 246/303 kB | 131/203 kB | 11 kBProgress (3): 246/303 kB | 135/203 kB | 11 kBProgress (3): 246/303 kB | 139/203 kB | 11 kBProgress (3): 246/303 kB | 143/203 kB | 11 kBProgress (3): 246/303 kB | 147/203 kB | 11 kBProgress (3): 246/303 kB | 152/203 kB | 11 kBProgress (3): 246/303 kB | 156/203 kB | 11 kBProgress (3): 246/303 kB | 160/203 kB | 11 kBProgress (3): 250/303 kB | 160/203 kB | 11 kBProgress (3): 254/303 kB | 160/203 kB | 11 kBProgress (3): 258/303 kB | 160/203 kB | 11 kBProgress (3): 258/303 kB | 164/203 kB | 11 kBProgress (3): 262/303 kB | 164/203 kB | 11 kBProgress (3): 262/303 kB | 168/203 kB | 11 kBProgress (3): 266/303 kB | 168/203 kB | 11 kBProgress (3): 270/303 kB | 168/203 kB | 11 kBProgress (3): 270/303 kB | 172/203 kB | 11 kBProgress (3): 270/303 kB | 176/203 kB | 11 kBProgress (3): 274/303 kB | 176/203 kB | 11 kBProgress (3): 274/303 kB | 180/203 kB | 11 kBProgress (3): 274/303 kB | 184/203 kB | 11 kBProgress (3): 279/303 kB | 184/203 kB | 11 kBProgress (3): 279/303 kB | 188/203 kB | 11 kBProgress (3): 279/303 kB | 193/203 kB | 11 kBProgress (3): 283/303 kB | 193/203 kB | 11 kBProgress (3): 287/303 kB | 193/203 kB | 11 kBProgress (3): 287/303 kB | 197/203 kB | 11 kB                                             Downloaded from central: https://repo.maven.apache.org/maven2/org/apache/maven/doxia/doxia-logging-api/1.1/doxia-logging-api-1.1.jar (11 kB at 57 kB/s)
Progress (2): 291/303 kB | 197/203 kBProgress (2): 295/303 kB | 197/203 kBProgress (2): 295/303 kB | 201/203 kBProgress (2): 295/303 kB | 203 kB    Progress (2): 299/303 kB | 203 kBProgress (2): 303 kB | 203 kB                                 Downloaded from central: https://repo.maven.apache.org/maven2/org/apache/jackrabbit/jackrabbit-jcr-commons/1.5.0/jackrabbit-jcr-commons-1.5.0.jar (203 kB at 371 kB/s)
Downloaded from central: https://repo.maven.apache.org/maven2/org/apache/jackrabbit/jackrabbit-webdav/1.5.0/jackrabbit-webdav-1.5.0.jar (303 kB at 417 kB/s)

-------------------------------------------------------
 T E S T S
-------------------------------------------------------
Running pl.pandait.panda.HelloControllerTest
19:17:08.912 [main] DEBUG org.jboss.logging - Logging Provider: org.jboss.logging.Log4j2LoggerProvider
19:17:08.947 [main] INFO org.hibernate.validator.internal.util.Version - HV000001: Hibernate Validator 6.0.18.Final
19:17:08.990 [main] DEBUG org.hibernate.validator.internal.engine.resolver.TraversableResolvers - Cannot find javax.persistence.Persistence on classpath. Assuming non JPA 2 environment. All properties will per default be traversable.
19:17:09.050 [main] DEBUG org.hibernate.validator.messageinterpolation.ResourceBundleMessageInterpolator - Loaded expression factory via original TCCL
19:17:09.051 [main] DEBUG org.hibernate.validator.internal.engine.ConfigurationImpl - Setting custom MessageInterpolator of type org.springframework.validation.beanvalidation.LocaleContextMessageInterpolator
19:17:09.054 [main] DEBUG org.hibernate.validator.internal.engine.ConfigurationImpl - Setting custom ParameterNameProvider of type org.springframework.validation.beanvalidation.LocalValidatorFactoryBean$1
19:17:09.079 [main] DEBUG org.hibernate.validator.internal.xml.config.ValidationXmlParser - Trying to load META-INF/validation.xml for XML based Validator configuration.
19:17:09.085 [main] DEBUG org.hibernate.validator.internal.xml.config.ResourceLoaderHelper - Trying to load META-INF/validation.xml via TCCL
19:17:09.088 [main] DEBUG org.hibernate.validator.internal.xml.config.ResourceLoaderHelper - Trying to load META-INF/validation.xml via Hibernate Validator's class loader
19:17:09.091 [main] DEBUG org.hibernate.validator.internal.xml.config.ValidationXmlParser - No META-INF/validation.xml found. Using annotation based configuration only.
19:17:09.585 [main] DEBUG org.hibernate.validator.internal.engine.ValidatorFactoryImpl - HV000234: Using org.springframework.validation.beanvalidation.LocaleContextMessageInterpolator as ValidatorFactory-scoped message interpolator.
19:17:09.586 [main] DEBUG org.hibernate.validator.internal.engine.ValidatorFactoryImpl - HV000234: Using org.hibernate.validator.internal.engine.resolver.TraverseAllTraversableResolver as ValidatorFactory-scoped traversable resolver.
19:17:09.589 [main] DEBUG org.hibernate.validator.internal.engine.ValidatorFactoryImpl - HV000234: Using org.hibernate.validator.internal.util.ExecutableParameterNameProvider as ValidatorFactory-scoped parameter name provider.
19:17:09.595 [main] DEBUG org.hibernate.validator.internal.engine.ValidatorFactoryImpl - HV000234: Using org.hibernate.validator.internal.engine.DefaultClockProvider as ValidatorFactory-scoped clock provider.
19:17:09.602 [main] DEBUG org.hibernate.validator.internal.engine.ValidatorFactoryImpl - HV000234: Using org.hibernate.validator.internal.engine.scripting.DefaultScriptEvaluatorFactory as ValidatorFactory-scoped script evaluator factory.
19:17:09.995 [main] DEBUG org.springframework.web.servlet.mvc.method.annotation.RequestMappingHandlerMapping - 1 mappings in <unknown>
19:17:10.823 [main] DEBUG org.springframework.web.servlet.mvc.method.annotation.RequestMappingHandlerAdapter - ControllerAdvice beans: 0 @ModelAttribute, 0 @InitBinder, 1 RequestBodyAdvice, 1 ResponseBodyAdvice
19:17:10.956 [main] DEBUG org.springframework.web.servlet.mvc.method.annotation.ExceptionHandlerExceptionResolver - ControllerAdvice beans: 0 @ExceptionHandler, 1 ResponseBodyAdvice
19:17:11.045 [main] INFO org.springframework.mock.web.MockServletContext - Initializing Spring TestDispatcherServlet ''
19:17:11.045 [main] INFO org.springframework.test.web.servlet.TestDispatcherServlet - Initializing Servlet ''
19:17:11.063 [main] DEBUG org.springframework.test.web.servlet.TestDispatcherServlet - Detected AcceptHeaderLocaleResolver
19:17:11.063 [main] DEBUG org.springframework.test.web.servlet.TestDispatcherServlet - Detected FixedThemeResolver
19:17:11.070 [main] DEBUG org.springframework.test.web.servlet.TestDispatcherServlet - Detected org.springframework.web.servlet.view.DefaultRequestToViewNameTranslator@622ef26a
19:17:11.070 [main] DEBUG org.springframework.test.web.servlet.TestDispatcherServlet - Detected org.springframework.web.servlet.support.SessionFlashMapManager@41de5768
19:17:11.070 [main] DEBUG org.springframework.test.web.servlet.TestDispatcherServlet - enableLoggingRequestDetails='false': request parameters and headers will be masked to prevent unsafe logging of potentially sensitive data
19:17:11.070 [main] INFO org.springframework.test.web.servlet.TestDispatcherServlet - Completed initialization in 24 ms
19:17:11.227 [main] DEBUG org.springframework.test.web.servlet.TestDispatcherServlet - GET "/greeting?name=Panda", parameters={masked}
19:17:11.244 [main] DEBUG org.springframework.web.servlet.mvc.method.annotation.RequestMappingHandlerMapping - Mapped to pl.pandait.panda.HelloController#greeting(String, Model)
19:17:11.380 [main] DEBUG org.springframework.web.servlet.view.InternalResourceView - View [InternalResourceView], model {name=Panda}
19:17:11.386 [main] DEBUG org.springframework.web.servlet.view.InternalResourceView - Forwarding to [greeting_template]
19:17:11.387 [main] DEBUG org.springframework.mock.web.MockRequestDispatcher - MockRequestDispatcher: forwarding to [greeting_template]
19:17:11.390 [main] DEBUG org.springframework.test.web.servlet.TestDispatcherServlet - Completed 200 OK
Tests run: 1, Failures: 0, Errors: 0, Skipped: 0, Time elapsed: 3.992 sec - in pl.pandait.panda.HelloControllerTest
Running pl.pandait.panda.PandaApplicationTest
19:17:11.469 [main] DEBUG org.springframework.test.context.BootstrapUtils - Instantiating CacheAwareContextLoaderDelegate from class [org.springframework.test.context.cache.DefaultCacheAwareContextLoaderDelegate]
19:17:11.477 [main] DEBUG org.springframework.test.context.BootstrapUtils - Instantiating BootstrapContext using constructor [public org.springframework.test.context.support.DefaultBootstrapContext(java.lang.Class,org.springframework.test.context.CacheAwareContextLoaderDelegate)]
19:17:11.515 [main] DEBUG org.springframework.test.context.BootstrapUtils - Instantiating TestContextBootstrapper for test class [pl.pandait.panda.PandaApplicationTest] from class [org.springframework.boot.test.context.SpringBootTestContextBootstrapper]
19:17:11.574 [main] INFO org.springframework.boot.test.context.SpringBootTestContextBootstrapper - Neither @ContextConfiguration nor @ContextHierarchy found for test class [pl.pandait.panda.PandaApplicationTest], using SpringBootContextLoader
19:17:11.581 [main] DEBUG org.springframework.test.context.support.AbstractContextLoader - Did not detect default resource location for test class [pl.pandait.panda.PandaApplicationTest]: class path resource [pl/pandait/panda/PandaApplicationTest-context.xml] does not exist
19:17:11.582 [main] DEBUG org.springframework.test.context.support.AbstractContextLoader - Did not detect default resource location for test class [pl.pandait.panda.PandaApplicationTest]: class path resource [pl/pandait/panda/PandaApplicationTestContext.groovy] does not exist
19:17:11.583 [main] INFO org.springframework.test.context.support.AbstractContextLoader - Could not detect default resource locations for test class [pl.pandait.panda.PandaApplicationTest]: no resource found for suffixes {-context.xml, Context.groovy}.
19:17:11.629 [main] INFO org.springframework.test.context.support.AnnotationConfigContextLoaderUtils - Could not detect default configuration classes for test class [pl.pandait.panda.PandaApplicationTest]: PandaApplicationTest does not declare any static, non-private, non-final, nested classes annotated with @Configuration.
19:17:11.854 [main] DEBUG org.springframework.test.context.support.ActiveProfilesUtils - Could not find an 'annotation declaring class' for annotation type [org.springframework.test.context.ActiveProfiles] and class [pl.pandait.panda.PandaApplicationTest]
19:17:12.069 [main] DEBUG org.springframework.context.annotation.ClassPathScanningCandidateComponentProvider - Identified candidate component class: file [/home/jenkins/workspace/CodePull/target/classes/pl/pandait/panda/PandaApplication.class]
19:17:12.074 [main] INFO org.springframework.boot.test.context.SpringBootTestContextBootstrapper - Found @SpringBootConfiguration pl.pandait.panda.PandaApplication for test class pl.pandait.panda.PandaApplicationTest
19:17:12.224 [main] DEBUG org.springframework.boot.test.context.SpringBootTestContextBootstrapper - @TestExecutionListeners is not present for class [pl.pandait.panda.PandaApplicationTest]: using defaults.
19:17:12.229 [main] INFO org.springframework.boot.test.context.SpringBootTestContextBootstrapper - Loaded default TestExecutionListener class names from location [META-INF/spring.factories]: [org.springframework.boot.test.mock.mockito.MockitoTestExecutionListener, org.springframework.boot.test.mock.mockito.ResetMocksTestExecutionListener, org.springframework.boot.test.autoconfigure.restdocs.RestDocsTestExecutionListener, org.springframework.boot.test.autoconfigure.web.client.MockRestServiceServerResetTestExecutionListener, org.springframework.boot.test.autoconfigure.web.servlet.MockMvcPrintOnlyOnFailureTestExecutionListener, org.springframework.boot.test.autoconfigure.web.servlet.WebDriverTestExecutionListener, org.springframework.test.context.web.ServletTestExecutionListener, org.springframework.test.context.support.DirtiesContextBeforeModesTestExecutionListener, org.springframework.test.context.support.DependencyInjectionTestExecutionListener, org.springframework.test.context.support.DirtiesContextTestExecutionListener, org.springframework.test.context.transaction.TransactionalTestExecutionListener, org.springframework.test.context.jdbc.SqlScriptsTestExecutionListener, org.springframework.test.context.event.EventPublishingTestExecutionListener]
19:17:12.264 [main] DEBUG org.springframework.boot.test.context.SpringBootTestContextBootstrapper - Skipping candidate TestExecutionListener [org.springframework.test.context.transaction.TransactionalTestExecutionListener] due to a missing dependency. Specify custom listener classes or make the default listener classes and their required dependencies available. Offending class: [org/springframework/transaction/interceptor/TransactionAttributeSource]
19:17:12.269 [main] DEBUG org.springframework.boot.test.context.SpringBootTestContextBootstrapper - Skipping candidate TestExecutionListener [org.springframework.test.context.jdbc.SqlScriptsTestExecutionListener] due to a missing dependency. Specify custom listener classes or make the default listener classes and their required dependencies available. Offending class: [org/springframework/transaction/interceptor/TransactionAttribute]
19:17:12.269 [main] INFO org.springframework.boot.test.context.SpringBootTestContextBootstrapper - Using TestExecutionListeners: [org.springframework.test.context.web.ServletTestExecutionListener@4d0b0fd4, org.springframework.test.context.support.DirtiesContextBeforeModesTestExecutionListener@7a24eb3, org.springframework.boot.test.mock.mockito.MockitoTestExecutionListener@6c37bd27, org.springframework.boot.test.autoconfigure.SpringBootDependencyInjectionTestExecutionListener@25d3cfc8, org.springframework.test.context.support.DirtiesContextTestExecutionListener@30331109, org.springframework.test.context.event.EventPublishingTestExecutionListener@2571066a, org.springframework.boot.test.mock.mockito.ResetMocksTestExecutionListener@74fe5966, org.springframework.boot.test.autoconfigure.restdocs.RestDocsTestExecutionListener@4fe875be, org.springframework.boot.test.autoconfigure.web.client.MockRestServiceServerResetTestExecutionListener@677b8e13, org.springframework.boot.test.autoconfigure.web.servlet.MockMvcPrintOnlyOnFailureTestExecutionListener@4a9486c0, org.springframework.boot.test.autoconfigure.web.servlet.WebDriverTestExecutionListener@4c27d39d]
19:17:12.308 [main] DEBUG org.springframework.test.context.support.AbstractDirtiesContextTestExecutionListener - Before test class: context [DefaultTestContext@2032e725 testClass = PandaApplicationTest, testInstance = [null], testMethod = [null], testException = [null], mergedContextConfiguration = [WebMergedContextConfiguration@4d23015c testClass = PandaApplicationTest, locations = '{}', classes = '{class pl.pandait.panda.PandaApplication}', contextInitializerClasses = '[]', activeProfiles = '{}', propertySourceLocations = '{}', propertySourceProperties = '{org.springframework.boot.test.context.SpringBootTestContextBootstrapper=true}', contextCustomizers = set[org.springframework.boot.test.context.filter.ExcludeFilterContextCustomizer@5b6e8f77, org.springframework.boot.test.json.DuplicateJsonObjectContextCustomizerFactory$DuplicateJsonObjectContextCustomizer@411291e5, org.springframework.boot.test.mock.mockito.MockitoContextCustomizer@0, org.springframework.boot.test.web.client.TestRestTemplateContextCustomizer@7a94b64e, org.springframework.boot.test.autoconfigure.properties.PropertyMappingContextCustomizer@0, org.springframework.boot.test.autoconfigure.web.servlet.WebDriverContextCustomizerFactory$Customizer@26a94fa5], resourceBasePath = 'src/main/webapp', contextLoader = 'org.springframework.boot.test.context.SpringBootContextLoader', parent = [null]], attributes = map['org.springframework.test.context.web.ServletTestExecutionListener.activateListener' -> true]], class annotated with @DirtiesContext [false] with mode [null].
19:17:12.436 [main] DEBUG org.springframework.test.context.support.TestPropertySourceUtils - Adding inlined properties to environment: {spring.jmx.enabled=false, org.springframework.boot.test.context.SpringBootTestContextBootstrapper=true, server.port=-1}

  .   ____          _            __ _ _
 /\\ / ___'_ __ _ _(_)_ __  __ _ \ \ \ \
( ( )\___ | '_ | '_| | '_ \/ _` | \ \ \ \
 \\/  ___)| |_)| | | | | || (_| |  ) ) ) )
  '  |____| .__|_| |_|_| |_\__, | / / / /
 =========|_|==============|___/=/_/_/_/
 :: Spring Boot ::        (v2.2.4.RELEASE)

2022-02-16 19:17:13.874  INFO 550 --- [           main] pl.pandait.panda.PandaApplicationTest    : Starting PandaApplicationTest on d99b8f1e2959 with PID 550 (started by root in /home/jenkins/workspace/CodePull)
2022-02-16 19:17:13.883  INFO 550 --- [           main] pl.pandait.panda.PandaApplicationTest    : No active profile set, falling back to default profiles: default
2022-02-16 19:17:19.393  INFO 550 --- [           main] o.s.s.concurrent.ThreadPoolTaskExecutor  : Initializing ExecutorService 'applicationTaskExecutor'
2022-02-16 19:17:19.604  INFO 550 --- [           main] o.s.b.a.w.s.WelcomePageHandlerMapping    : Adding welcome page: class path resource [static/index.html]
2022-02-16 19:17:20.598  INFO 550 --- [           main] pl.pandait.panda.PandaApplicationTest    : Started PandaApplicationTest in 8.114 seconds (JVM running for 15.586)
Tests run: 1, Failures: 0, Errors: 0, Skipped: 0, Time elapsed: 10.333 sec - in pl.pandait.panda.PandaApplicationTest
2022-02-16 19:17:21.997  INFO 550 --- [extShutdownHook] o.s.s.concurrent.ThreadPoolTaskExecutor  : Shutting down ExecutorService 'applicationTaskExecutor'

Results :

Tests run: 2, Failures: 0, Errors: 0, Skipped: 0

[INFO] 
[8mha:////4BqvIjn2+t3eBVnrxvSE4PjSu9d98vKdU+VbyFjRlw2dAAAAYB+LCAAAAAAAAP9b85aBtbiIQSmjNKU4P0+vJLE4u1gvPjexLDVPzxdEGvvmZ+X75Zek2mxOX+vh68DGxMBQUcQgBdWQnJ9XnJ+TqucMoUEKGSCAEaSwAAAn9LoiYAAAAA==[0m[INFO] --- maven-jar-plugin:3.1.2:jar (default-jar) @ panda ---
[INFO] Building jar: /home/jenkins/workspace/CodePull/target/panda-0.0.2-SNAPSHOT.jar
[INFO] 
[8mha:////4BqvIjn2+t3eBVnrxvSE4PjSu9d98vKdU+VbyFjRlw2dAAAAYB+LCAAAAAAAAP9b85aBtbiIQSmjNKU4P0+vJLE4u1gvPjexLDVPzxdEGvvmZ+X75Zek2mxOX+vh68DGxMBQUcQgBdWQnJ9XnJ+TqucMoUEKGSCAEaSwAAAn9LoiYAAAAA==[0m[INFO] --- spring-boot-maven-plugin:2.2.4.RELEASE:repackage (repackage) @ panda ---
[INFO] Replacing main artifact with repackaged archive
[INFO] 
[8mha:////4BqvIjn2+t3eBVnrxvSE4PjSu9d98vKdU+VbyFjRlw2dAAAAYB+LCAAAAAAAAP9b85aBtbiIQSmjNKU4P0+vJLE4u1gvPjexLDVPzxdEGvvmZ+X75Zek2mxOX+vh68DGxMBQUcQgBdWQnJ9XnJ+TqucMoUEKGSCAEaSwAAAn9LoiYAAAAA==[0m[INFO] --- maven-install-plugin:2.5.2:install (default-install) @ panda ---
[INFO] Installing /home/jenkins/workspace/CodePull/target/panda-0.0.2-SNAPSHOT.jar to /root/.m2/repository/pl/pandait/panda/0.0.2-SNAPSHOT/panda-0.0.2-SNAPSHOT.jar
[INFO] Installing /home/jenkins/workspace/CodePull/pom.xml to /root/.m2/repository/pl/pandait/panda/0.0.2-SNAPSHOT/panda-0.0.2-SNAPSHOT.pom
[INFO] ------------------------------------------------------------------------
[INFO] BUILD SUCCESS
[INFO] ------------------------------------------------------------------------
[INFO] Total time:  01:05 min
[INFO] Finished at: 2022-02-16T19:17:28Z
[INFO] ------------------------------------------------------------------------
[CodePull] $ /home/jenkins/tools/hudson.tasks.Maven_MavenInstallation/auto_maven/bin/mvn test -Pselenium
[INFO] Scanning for projects...
[INFO] 
[INFO] --------------------------< pl.pandait:panda >--------------------------
[INFO] Building panda 0.0.2-SNAPSHOT
[INFO] --------------------------------[ jar ]---------------------------------
[INFO] 
[8mha:////4BqvIjn2+t3eBVnrxvSE4PjSu9d98vKdU+VbyFjRlw2dAAAAYB+LCAAAAAAAAP9b85aBtbiIQSmjNKU4P0+vJLE4u1gvPjexLDVPzxdEGvvmZ+X75Zek2mxOX+vh68DGxMBQUcQgBdWQnJ9XnJ+TqucMoUEKGSCAEaSwAAAn9LoiYAAAAA==[0m[INFO] --- maven-resources-plugin:3.1.0:resources (default-resources) @ panda ---
[INFO] Using 'UTF-8' encoding to copy filtered resources.
[INFO] Copying 1 resource
[INFO] Copying 4 resources
[INFO] 
[8mha:////4BqvIjn2+t3eBVnrxvSE4PjSu9d98vKdU+VbyFjRlw2dAAAAYB+LCAAAAAAAAP9b85aBtbiIQSmjNKU4P0+vJLE4u1gvPjexLDVPzxdEGvvmZ+X75Zek2mxOX+vh68DGxMBQUcQgBdWQnJ9XnJ+TqucMoUEKGSCAEaSwAAAn9LoiYAAAAA==[0m[INFO] --- maven-compiler-plugin:3.8.1:compile (default-compile) @ panda ---
[INFO] Nothing to compile - all classes are up to date
[INFO] 
[8mha:////4BqvIjn2+t3eBVnrxvSE4PjSu9d98vKdU+VbyFjRlw2dAAAAYB+LCAAAAAAAAP9b85aBtbiIQSmjNKU4P0+vJLE4u1gvPjexLDVPzxdEGvvmZ+X75Zek2mxOX+vh68DGxMBQUcQgBdWQnJ9XnJ+TqucMoUEKGSCAEaSwAAAn9LoiYAAAAA==[0m[INFO] --- maven-resources-plugin:3.1.0:testResources (default-testResources) @ panda ---
[INFO] Using 'UTF-8' encoding to copy filtered resources.
[INFO] skip non existing resourceDirectory /home/jenkins/workspace/CodePull/src/test/resources
[INFO] 
[8mha:////4BqvIjn2+t3eBVnrxvSE4PjSu9d98vKdU+VbyFjRlw2dAAAAYB+LCAAAAAAAAP9b85aBtbiIQSmjNKU4P0+vJLE4u1gvPjexLDVPzxdEGvvmZ+X75Zek2mxOX+vh68DGxMBQUcQgBdWQnJ9XnJ+TqucMoUEKGSCAEaSwAAAn9LoiYAAAAA==[0m[INFO] --- maven-compiler-plugin:3.8.1:testCompile (default-testCompile) @ panda ---
[INFO] Nothing to compile - all classes are up to date
[INFO] 
[8mha:////4BqvIjn2+t3eBVnrxvSE4PjSu9d98vKdU+VbyFjRlw2dAAAAYB+LCAAAAAAAAP9b85aBtbiIQSmjNKU4P0+vJLE4u1gvPjexLDVPzxdEGvvmZ+X75Zek2mxOX+vh68DGxMBQUcQgBdWQnJ9XnJ+TqucMoUEKGSCAEaSwAAAn9LoiYAAAAA==[0m[INFO] --- maven-surefire-plugin:2.19.1:test (default-test) @ panda ---

-------------------------------------------------------
 T E S T S
-------------------------------------------------------
Running pl.pandait.panda.PandaApplicationSeleniumTest
Feb 16, 2022 7:17:47 PM org.openqa.selenium.remote.DesiredCapabilities firefox
INFO: Using `new FirefoxOptions()` is preferred to `DesiredCapabilities.firefox()`
Feb 16, 2022 7:18:05 PM org.openqa.selenium.remote.ProtocolHandshake createSession
INFO: Detected dialect: W3C
Feb 16, 2022 7:18:11 PM org.openqa.selenium.remote.DesiredCapabilities firefox
INFO: Using `new FirefoxOptions()` is preferred to `DesiredCapabilities.firefox()`
Feb 16, 2022 7:18:22 PM org.openqa.selenium.remote.ProtocolHandshake createSession
INFO: Detected dialect: W3C
Tests run: 2, Failures: 0, Errors: 2, Skipped: 0, Time elapsed: 37.82 sec <<< FAILURE! - in pl.pandait.panda.PandaApplicationSeleniumTest
greetings_shouldOpenMainPageThenReturnWelcomeText  Time elapsed: 23.896 sec  <<< ERROR!
org.openqa.selenium.WebDriverException: 
Reached error page: about:neterror?e=deniedPortAccess&u=http%3A//ubuntuslave%3A0/&c=UTF-8&d=This%20address%20uses%20a%20network%20port%20which%20is%20normally%20used%20for%20purposes%20other%20than%20Web%20browsing.%20Firefox%20has%20canceled%20the%20request%20for%20your%20protection.
Build info: version: '3.141.59', revision: 'e82be7d358', time: '2018-11-14T08:17:03'
System info: host: 'd99b8f1e2959', ip: '172.19.0.2', os.name: 'Linux', os.arch: 'amd64', os.version: '4.15.0-163-generic', java.version: '11.0.13'
Driver info: org.openqa.selenium.remote.RemoteWebDriver
Capabilities {acceptInsecureCerts: true, browserName: firefox, browserVersion: 96.0.3, javascriptEnabled: true, moz:accessibilityChecks: false, moz:buildID: 20220126154723, moz:geckodriverVersion: 0.30.0, moz:headless: false, moz:processID: 161, moz:profile: /tmp/rust_mozprofileUVSGXE, moz:shutdownTimeout: 60000, moz:useNonSpecCompliantPointerOrigin: false, moz:webdriverClick: true, pageLoadStrategy: normal, platform: LINUX, platformName: LINUX, platformVersion: 4.15.0-163-generic, proxy: Proxy(), se:cdp: ws://172.19.0.4:4444/sessio..., se:vnc: ws://172.19.0.4:4444/sessio..., se:vncEnabled: true, se:vncLocalAddress: ws://172.19.0.4:7900, setWindowRect: true, strictFileInteractability: false, timeouts: {implicit: 0, pageLoad: 300000, script: 30000}, unhandledPromptBehavior: dismiss and notify}
Session ID: e9413825-a13c-43d0-956f-01e6b382f887
	at pl.pandait.panda.PandaApplicationSeleniumTest.startup(PandaApplicationSeleniumTest.java:35)

greetings_shouldOpenSubpageThenReturnGreetingsText  Time elapsed: 13.885 sec  <<< ERROR!
org.openqa.selenium.WebDriverException: 
Reached error page: about:neterror?e=deniedPortAccess&u=http%3A//ubuntuslave%3A0/&c=UTF-8&d=This%20address%20uses%20a%20network%20port%20which%20is%20normally%20used%20for%20purposes%20other%20than%20Web%20browsing.%20Firefox%20has%20canceled%20the%20request%20for%20your%20protection.
Build info: version: '3.141.59', revision: 'e82be7d358', time: '2018-11-14T08:17:03'
System info: host: 'd99b8f1e2959', ip: '172.19.0.2', os.name: 'Linux', os.arch: 'amd64', os.version: '4.15.0-163-generic', java.version: '11.0.13'
Driver info: org.openqa.selenium.remote.RemoteWebDriver
Capabilities {acceptInsecureCerts: true, browserName: firefox, browserVersion: 96.0.3, javascriptEnabled: true, moz:accessibilityChecks: false, moz:buildID: 20220126154723, moz:geckodriverVersion: 0.30.0, moz:headless: false, moz:processID: 401, moz:profile: /tmp/rust_mozprofilex7M8e5, moz:shutdownTimeout: 60000, moz:useNonSpecCompliantPointerOrigin: false, moz:webdriverClick: true, pageLoadStrategy: normal, platform: LINUX, platformName: LINUX, platformVersion: 4.15.0-163-generic, proxy: Proxy(), se:cdp: ws://172.19.0.4:4444/sessio..., se:vnc: ws://172.19.0.4:4444/sessio..., se:vncEnabled: true, se:vncLocalAddress: ws://172.19.0.4:7900, setWindowRect: true, strictFileInteractability: false, timeouts: {implicit: 0, pageLoad: 300000, script: 30000}, unhandledPromptBehavior: dismiss and notify}
Session ID: f1e65723-80e6-4c86-aa37-822251a7f34b
	at pl.pandait.panda.PandaApplicationSeleniumTest.startup(PandaApplicationSeleniumTest.java:35)


Results :

Tests in error: 
  PandaApplicationSeleniumTest.startup:35 ? WebDriver Reached error page: about:...
  PandaApplicationSeleniumTest.startup:35 ? WebDriver Reached error page: about:...

Tests run: 2, Failures: 0, Errors: 2, Skipped: 0

[INFO] ------------------------------------------------------------------------
[INFO] BUILD FAILURE
[INFO] ------------------------------------------------------------------------
[INFO] Total time:  49.518 s
[INFO] Finished at: 2022-02-16T19:18:25Z
[INFO] ------------------------------------------------------------------------
[8mha:////4IfsiDyMkcRv+BZigBRju+31X3RYgpc4d45Pi/SBlKC6AAAAYB+LCAAAAAAAAP9b85aBtbiIQSmjNKU4P0+vJLE4u1gvPjexLDVPzxdEuhYV5Rf55Zek1m9pfpLfVWLNxMBQUcQgBdWQnJ9XnJ+TqucMoUEKGSCAEaSwAABqVhoSYAAAAA==[0m[ERROR] Failed to execute goal org.apache.maven.plugins:maven-surefire-plugin:2.19.1:test (default-test) on project panda: There are test failures.
[8mha:////4IfsiDyMkcRv+BZigBRju+31X3RYgpc4d45Pi/SBlKC6AAAAYB+LCAAAAAAAAP9b85aBtbiIQSmjNKU4P0+vJLE4u1gvPjexLDVPzxdEuhYV5Rf55Zek1m9pfpLfVWLNxMBQUcQgBdWQnJ9XnJ+TqucMoUEKGSCAEaSwAABqVhoSYAAAAA==[0m[ERROR] 
[8mha:////4IfsiDyMkcRv+BZigBRju+31X3RYgpc4d45Pi/SBlKC6AAAAYB+LCAAAAAAAAP9b85aBtbiIQSmjNKU4P0+vJLE4u1gvPjexLDVPzxdEuhYV5Rf55Zek1m9pfpLfVWLNxMBQUcQgBdWQnJ9XnJ+TqucMoUEKGSCAEaSwAABqVhoSYAAAAA==[0m[ERROR] Please refer to /home/jenkins/workspace/CodePull/target/surefire-reports for the individual test results.
[8mha:////4IfsiDyMkcRv+BZigBRju+31X3RYgpc4d45Pi/SBlKC6AAAAYB+LCAAAAAAAAP9b85aBtbiIQSmjNKU4P0+vJLE4u1gvPjexLDVPzxdEuhYV5Rf55Zek1m9pfpLfVWLNxMBQUcQgBdWQnJ9XnJ+TqucMoUEKGSCAEaSwAABqVhoSYAAAAA==[0m[ERROR] -> [Help 1]
[8mha:////4IfsiDyMkcRv+BZigBRju+31X3RYgpc4d45Pi/SBlKC6AAAAYB+LCAAAAAAAAP9b85aBtbiIQSmjNKU4P0+vJLE4u1gvPjexLDVPzxdEuhYV5Rf55Zek1m9pfpLfVWLNxMBQUcQgBdWQnJ9XnJ+TqucMoUEKGSCAEaSwAABqVhoSYAAAAA==[0m[ERROR] 
[8mha:////4IfsiDyMkcRv+BZigBRju+31X3RYgpc4d45Pi/SBlKC6AAAAYB+LCAAAAAAAAP9b85aBtbiIQSmjNKU4P0+vJLE4u1gvPjexLDVPzxdEuhYV5Rf55Zek1m9pfpLfVWLNxMBQUcQgBdWQnJ9XnJ+TqucMoUEKGSCAEaSwAABqVhoSYAAAAA==[0m[ERROR] To see the full stack trace of the errors, re-run Maven with the -e switch.
[8mha:////4IfsiDyMkcRv+BZigBRju+31X3RYgpc4d45Pi/SBlKC6AAAAYB+LCAAAAAAAAP9b85aBtbiIQSmjNKU4P0+vJLE4u1gvPjexLDVPzxdEuhYV5Rf55Zek1m9pfpLfVWLNxMBQUcQgBdWQnJ9XnJ+TqucMoUEKGSCAEaSwAABqVhoSYAAAAA==[0m[ERROR] Re-run Maven using the -X switch to enable full debug logging.
[8mha:////4IfsiDyMkcRv+BZigBRju+31X3RYgpc4d45Pi/SBlKC6AAAAYB+LCAAAAAAAAP9b85aBtbiIQSmjNKU4P0+vJLE4u1gvPjexLDVPzxdEuhYV5Rf55Zek1m9pfpLfVWLNxMBQUcQgBdWQnJ9XnJ+TqucMoUEKGSCAEaSwAABqVhoSYAAAAA==[0m[ERROR] 
[8mha:////4IfsiDyMkcRv+BZigBRju+31X3RYgpc4d45Pi/SBlKC6AAAAYB+LCAAAAAAAAP9b85aBtbiIQSmjNKU4P0+vJLE4u1gvPjexLDVPzxdEuhYV5Rf55Zek1m9pfpLfVWLNxMBQUcQgBdWQnJ9XnJ+TqucMoUEKGSCAEaSwAABqVhoSYAAAAA==[0m[ERROR] For more information about the errors and possible solutions, please read the following articles:
[8mha:////4IfsiDyMkcRv+BZigBRju+31X3RYgpc4d45Pi/SBlKC6AAAAYB+LCAAAAAAAAP9b85aBtbiIQSmjNKU4P0+vJLE4u1gvPjexLDVPzxdEuhYV5Rf55Zek1m9pfpLfVWLNxMBQUcQgBdWQnJ9XnJ+TqucMoUEKGSCAEaSwAABqVhoSYAAAAA==[0m[ERROR] [Help 1] http://cwiki.apache.org/confluence/display/MAVEN/MojoFailureException
Build step 'Invoke top-level Maven targets' marked build as failure
Finished: FAILURE
